[2024-12-25T16:17:57.613+0000] {taskinstance.py:1165} INFO - Dependencies all met for <TaskInstance: parallel_dag.extract_b scheduled__2024-12-24T00:00:00+00:00 [queued]>
[2024-12-25T16:17:57.629+0000] {taskinstance.py:1165} INFO - Dependencies all met for <TaskInstance: parallel_dag.extract_b scheduled__2024-12-24T00:00:00+00:00 [queued]>
[2024-12-25T16:17:57.629+0000] {taskinstance.py:1362} INFO - 
--------------------------------------------------------------------------------
[2024-12-25T16:17:57.630+0000] {taskinstance.py:1363} INFO - Starting attempt 1 of 1
[2024-12-25T16:17:57.631+0000] {taskinstance.py:1364} INFO - 
--------------------------------------------------------------------------------
[2024-12-25T16:17:57.656+0000] {taskinstance.py:1383} INFO - Executing <Task(BashOperator): extract_b> on 2024-12-24 00:00:00+00:00
[2024-12-25T16:17:57.663+0000] {standard_task_runner.py:55} INFO - Started process 326 to run task
[2024-12-25T16:17:57.668+0000] {standard_task_runner.py:82} INFO - Running: ['***', 'tasks', 'run', 'parallel_dag', 'extract_b', 'scheduled__2024-12-24T00:00:00+00:00', '--job-id', '39', '--raw', '--subdir', 'DAGS_FOLDER/parallel.dag.py', '--cfg-path', '/tmp/tmpirmmpyy9']
[2024-12-25T16:17:57.668+0000] {standard_task_runner.py:83} INFO - Job 39: Subtask extract_b
[2024-12-25T16:17:57.763+0000] {task_command.py:376} INFO - Running <TaskInstance: parallel_dag.extract_b scheduled__2024-12-24T00:00:00+00:00 [running]> on host caf53c1f5416
[2024-12-25T16:17:57.852+0000] {taskinstance.py:1592} INFO - Exporting the following env vars:
AIRFLOW_CTX_DAG_OWNER=***
AIRFLOW_CTX_DAG_ID=parallel_dag
AIRFLOW_CTX_TASK_ID=extract_b
AIRFLOW_CTX_EXECUTION_DATE=2024-12-24T00:00:00+00:00
AIRFLOW_CTX_TRY_NUMBER=1
AIRFLOW_CTX_DAG_RUN_ID=scheduled__2024-12-24T00:00:00+00:00
[2024-12-25T16:17:57.853+0000] {subprocess.py:63} INFO - Tmp dir root location: 
 /tmp
[2024-12-25T16:17:57.854+0000] {subprocess.py:75} INFO - Running command: ['/bin/bash', '-c', 'sleep 10']
[2024-12-25T16:17:57.868+0000] {subprocess.py:86} INFO - Output:
[2024-12-25T16:18:07.877+0000] {subprocess.py:97} INFO - Command exited with return code 0
[2024-12-25T16:18:07.909+0000] {taskinstance.py:1406} INFO - Marking task as SUCCESS. dag_id=parallel_dag, task_id=extract_b, execution_date=20241224T000000, start_date=20241225T161757, end_date=20241225T161807
[2024-12-25T16:18:07.937+0000] {local_task_job.py:164} INFO - Task exited with return code 0
[2024-12-25T16:18:07.970+0000] {local_task_job.py:273} INFO - 1 downstream tasks scheduled from follow-on schedule check
