[2024-12-23T12:43:32.962+0000] {taskinstance.py:1165} INFO - Dependencies all met for <TaskInstance: example_bash_operator.runme_2 scheduled__2024-12-22T00:00:00+00:00 [queued]>
[2024-12-23T12:43:32.988+0000] {taskinstance.py:1165} INFO - Dependencies all met for <TaskInstance: example_bash_operator.runme_2 scheduled__2024-12-22T00:00:00+00:00 [queued]>
[2024-12-23T12:43:32.989+0000] {taskinstance.py:1362} INFO - 
--------------------------------------------------------------------------------
[2024-12-23T12:43:32.992+0000] {taskinstance.py:1363} INFO - Starting attempt 1 of 1
[2024-12-23T12:43:32.992+0000] {taskinstance.py:1364} INFO - 
--------------------------------------------------------------------------------
[2024-12-23T12:43:33.025+0000] {taskinstance.py:1383} INFO - Executing <Task(BashOperator): runme_2> on 2024-12-22 00:00:00+00:00
[2024-12-23T12:43:33.039+0000] {standard_task_runner.py:55} INFO - Started process 3174 to run task
[2024-12-23T12:43:33.056+0000] {standard_task_runner.py:82} INFO - Running: ['***', 'tasks', 'run', 'example_bash_operator', 'runme_2', 'scheduled__2024-12-22T00:00:00+00:00', '--job-id', '6', '--raw', '--subdir', '/home/***/.local/lib/python3.7/site-packages/***/example_dags/example_bash_operator.py', '--cfg-path', '/tmp/tmp726ao58j']
[2024-12-23T12:43:33.057+0000] {standard_task_runner.py:83} INFO - Job 6: Subtask runme_2
[2024-12-23T12:43:33.327+0000] {task_command.py:376} INFO - Running <TaskInstance: example_bash_operator.runme_2 scheduled__2024-12-22T00:00:00+00:00 [running]> on host 5c385ae13281
[2024-12-23T12:43:33.539+0000] {taskinstance.py:1592} INFO - Exporting the following env vars:
AIRFLOW_CTX_DAG_OWNER=***
AIRFLOW_CTX_DAG_ID=example_bash_operator
AIRFLOW_CTX_TASK_ID=runme_2
AIRFLOW_CTX_EXECUTION_DATE=2024-12-22T00:00:00+00:00
AIRFLOW_CTX_TRY_NUMBER=1
AIRFLOW_CTX_DAG_RUN_ID=scheduled__2024-12-22T00:00:00+00:00
[2024-12-23T12:43:33.542+0000] {subprocess.py:63} INFO - Tmp dir root location: 
 /tmp
[2024-12-23T12:43:33.543+0000] {subprocess.py:75} INFO - Running command: ['/bin/bash', '-c', 'echo "example_bash_operator__runme_2__20241222" && sleep 1']
[2024-12-23T12:43:33.567+0000] {subprocess.py:86} INFO - Output:
[2024-12-23T12:43:33.570+0000] {subprocess.py:93} INFO - example_bash_operator__runme_2__20241222
[2024-12-23T12:43:34.572+0000] {subprocess.py:97} INFO - Command exited with return code 0
[2024-12-23T12:43:34.604+0000] {taskinstance.py:1406} INFO - Marking task as SUCCESS. dag_id=example_bash_operator, task_id=runme_2, execution_date=20241222T000000, start_date=20241223T124332, end_date=20241223T124334
[2024-12-23T12:43:34.680+0000] {local_task_job.py:164} INFO - Task exited with return code 0
[2024-12-23T12:43:34.703+0000] {local_task_job.py:273} INFO - 0 downstream tasks scheduled from follow-on schedule check
