[2024-12-25T16:19:45.390+0000] {taskinstance.py:1165} INFO - Dependencies all met for <TaskInstance: parallel_dag.extract_b manual__2024-12-25T16:19:44.555950+00:00 [queued]>
[2024-12-25T16:19:45.403+0000] {taskinstance.py:1165} INFO - Dependencies all met for <TaskInstance: parallel_dag.extract_b manual__2024-12-25T16:19:44.555950+00:00 [queued]>
[2024-12-25T16:19:45.404+0000] {taskinstance.py:1362} INFO - 
--------------------------------------------------------------------------------
[2024-12-25T16:19:45.405+0000] {taskinstance.py:1363} INFO - Starting attempt 1 of 1
[2024-12-25T16:19:45.405+0000] {taskinstance.py:1364} INFO - 
--------------------------------------------------------------------------------
[2024-12-25T16:19:45.424+0000] {taskinstance.py:1383} INFO - Executing <Task(BashOperator): extract_b> on 2024-12-25 16:19:44.555950+00:00
[2024-12-25T16:19:45.430+0000] {standard_task_runner.py:55} INFO - Started process 421 to run task
[2024-12-25T16:19:45.436+0000] {standard_task_runner.py:82} INFO - Running: ['***', 'tasks', 'run', 'parallel_dag', 'extract_b', 'manual__2024-12-25T16:19:44.555950+00:00', '--job-id', '43', '--raw', '--subdir', 'DAGS_FOLDER/parallel.dag.py', '--cfg-path', '/tmp/tmp4sxe7snq']
[2024-12-25T16:19:45.437+0000] {standard_task_runner.py:83} INFO - Job 43: Subtask extract_b
[2024-12-25T16:19:45.526+0000] {task_command.py:376} INFO - Running <TaskInstance: parallel_dag.extract_b manual__2024-12-25T16:19:44.555950+00:00 [running]> on host caf53c1f5416
[2024-12-25T16:19:45.618+0000] {taskinstance.py:1592} INFO - Exporting the following env vars:
AIRFLOW_CTX_DAG_OWNER=***
AIRFLOW_CTX_DAG_ID=parallel_dag
AIRFLOW_CTX_TASK_ID=extract_b
AIRFLOW_CTX_EXECUTION_DATE=2024-12-25T16:19:44.555950+00:00
AIRFLOW_CTX_TRY_NUMBER=1
AIRFLOW_CTX_DAG_RUN_ID=manual__2024-12-25T16:19:44.555950+00:00
[2024-12-25T16:19:45.620+0000] {subprocess.py:63} INFO - Tmp dir root location: 
 /tmp
[2024-12-25T16:19:45.621+0000] {subprocess.py:75} INFO - Running command: ['/bin/bash', '-c', 'sleep 10']
[2024-12-25T16:19:45.635+0000] {subprocess.py:86} INFO - Output:
[2024-12-25T16:19:55.639+0000] {subprocess.py:97} INFO - Command exited with return code 0
[2024-12-25T16:19:55.671+0000] {taskinstance.py:1406} INFO - Marking task as SUCCESS. dag_id=parallel_dag, task_id=extract_b, execution_date=20241225T161944, start_date=20241225T161945, end_date=20241225T161955
[2024-12-25T16:19:55.714+0000] {local_task_job.py:164} INFO - Task exited with return code 0
[2024-12-25T16:19:55.750+0000] {local_task_job.py:273} INFO - 1 downstream tasks scheduled from follow-on schedule check
