[2024-12-26T13:18:48.585+0000] {taskinstance.py:1165} INFO - Dependencies all met for <TaskInstance: xcom_dag.t1 scheduled__2024-12-25T00:00:00+00:00 [queued]>
[2024-12-26T13:18:48.603+0000] {taskinstance.py:1165} INFO - Dependencies all met for <TaskInstance: xcom_dag.t1 scheduled__2024-12-25T00:00:00+00:00 [queued]>
[2024-12-26T13:18:48.604+0000] {taskinstance.py:1362} INFO - 
--------------------------------------------------------------------------------
[2024-12-26T13:18:48.604+0000] {taskinstance.py:1363} INFO - Starting attempt 1 of 1
[2024-12-26T13:18:48.605+0000] {taskinstance.py:1364} INFO - 
--------------------------------------------------------------------------------
[2024-12-26T13:18:48.627+0000] {taskinstance.py:1383} INFO - Executing <Task(PythonOperator): t1> on 2024-12-25 00:00:00+00:00
[2024-12-26T13:18:48.633+0000] {standard_task_runner.py:55} INFO - Started process 836 to run task
[2024-12-26T13:18:48.636+0000] {standard_task_runner.py:82} INFO - Running: ['***', 'tasks', 'run', 'xcom_dag', 't1', 'scheduled__2024-12-25T00:00:00+00:00', '--job-id', '55', '--raw', '--subdir', 'DAGS_FOLDER/xcom_dag.py', '--cfg-path', '/tmp/tmpeafuq3ho']
[2024-12-26T13:18:48.637+0000] {standard_task_runner.py:83} INFO - Job 55: Subtask t1
[2024-12-26T13:18:48.713+0000] {task_command.py:376} INFO - Running <TaskInstance: xcom_dag.t1 scheduled__2024-12-25T00:00:00+00:00 [running]> on host caf53c1f5416
[2024-12-26T13:18:48.810+0000] {taskinstance.py:1592} INFO - Exporting the following env vars:
AIRFLOW_CTX_DAG_OWNER=***
AIRFLOW_CTX_DAG_ID=xcom_dag
AIRFLOW_CTX_TASK_ID=t1
AIRFLOW_CTX_EXECUTION_DATE=2024-12-25T00:00:00+00:00
AIRFLOW_CTX_TRY_NUMBER=1
AIRFLOW_CTX_DAG_RUN_ID=scheduled__2024-12-25T00:00:00+00:00
[2024-12-26T13:18:48.830+0000] {python.py:177} INFO - Done. Returned value was: None
[2024-12-26T13:18:48.843+0000] {taskinstance.py:1406} INFO - Marking task as SUCCESS. dag_id=xcom_dag, task_id=t1, execution_date=20241225T000000, start_date=20241226T131848, end_date=20241226T131848
[2024-12-26T13:18:48.892+0000] {local_task_job.py:164} INFO - Task exited with return code 0
[2024-12-26T13:18:48.930+0000] {local_task_job.py:273} INFO - 1 downstream tasks scheduled from follow-on schedule check
