[2024-12-26T13:19:38.508+0000] {taskinstance.py:1165} INFO - Dependencies all met for <TaskInstance: xcom_dag.t2 manual__2024-12-26T13:19:36.252844+00:00 [queued]>
[2024-12-26T13:19:38.521+0000] {taskinstance.py:1165} INFO - Dependencies all met for <TaskInstance: xcom_dag.t2 manual__2024-12-26T13:19:36.252844+00:00 [queued]>
[2024-12-26T13:19:38.522+0000] {taskinstance.py:1362} INFO - 
--------------------------------------------------------------------------------
[2024-12-26T13:19:38.523+0000] {taskinstance.py:1363} INFO - Starting attempt 1 of 1
[2024-12-26T13:19:38.524+0000] {taskinstance.py:1364} INFO - 
--------------------------------------------------------------------------------
[2024-12-26T13:19:38.543+0000] {taskinstance.py:1383} INFO - Executing <Task(PythonOperator): t2> on 2024-12-26 13:19:36.252844+00:00
[2024-12-26T13:19:38.549+0000] {standard_task_runner.py:55} INFO - Started process 887 to run task
[2024-12-26T13:19:38.553+0000] {standard_task_runner.py:82} INFO - Running: ['***', 'tasks', 'run', 'xcom_dag', 't2', 'manual__2024-12-26T13:19:36.252844+00:00', '--job-id', '58', '--raw', '--subdir', 'DAGS_FOLDER/xcom_dag.py', '--cfg-path', '/tmp/tmpg86_gyi1']
[2024-12-26T13:19:38.554+0000] {standard_task_runner.py:83} INFO - Job 58: Subtask t2
[2024-12-26T13:19:38.626+0000] {task_command.py:376} INFO - Running <TaskInstance: xcom_dag.t2 manual__2024-12-26T13:19:36.252844+00:00 [running]> on host caf53c1f5416
[2024-12-26T13:19:38.702+0000] {taskinstance.py:1592} INFO - Exporting the following env vars:
AIRFLOW_CTX_DAG_OWNER=***
AIRFLOW_CTX_DAG_ID=xcom_dag
AIRFLOW_CTX_TASK_ID=t2
AIRFLOW_CTX_EXECUTION_DATE=2024-12-26T13:19:36.252844+00:00
AIRFLOW_CTX_TRY_NUMBER=1
AIRFLOW_CTX_DAG_RUN_ID=manual__2024-12-26T13:19:36.252844+00:00
[2024-12-26T13:19:38.717+0000] {python.py:177} INFO - Done. Returned value was: None
[2024-12-26T13:19:38.729+0000] {taskinstance.py:1406} INFO - Marking task as SUCCESS. dag_id=xcom_dag, task_id=t2, execution_date=20241226T131936, start_date=20241226T131938, end_date=20241226T131938
[2024-12-26T13:19:38.765+0000] {local_task_job.py:164} INFO - Task exited with return code 0
[2024-12-26T13:19:38.788+0000] {local_task_job.py:273} INFO - 0 downstream tasks scheduled from follow-on schedule check
