[2024-12-25T10:46:17.497+0000] {taskinstance.py:1165} INFO - Dependencies all met for <TaskInstance: user_processing.create_table scheduled__2024-12-24T00:00:00+00:00 [queued]>
[2024-12-25T10:46:17.512+0000] {taskinstance.py:1165} INFO - Dependencies all met for <TaskInstance: user_processing.create_table scheduled__2024-12-24T00:00:00+00:00 [queued]>
[2024-12-25T10:46:17.513+0000] {taskinstance.py:1362} INFO - 
--------------------------------------------------------------------------------
[2024-12-25T10:46:17.514+0000] {taskinstance.py:1363} INFO - Starting attempt 1 of 1
[2024-12-25T10:46:17.514+0000] {taskinstance.py:1364} INFO - 
--------------------------------------------------------------------------------
[2024-12-25T10:46:17.532+0000] {taskinstance.py:1383} INFO - Executing <Task(PostgresOperator): create_table> on 2024-12-24 00:00:00+00:00
[2024-12-25T10:46:17.541+0000] {standard_task_runner.py:55} INFO - Started process 71 to run task
[2024-12-25T10:46:17.545+0000] {standard_task_runner.py:82} INFO - Running: ['***', 'tasks', 'run', 'user_processing', 'create_table', 'scheduled__2024-12-24T00:00:00+00:00', '--job-id', '19', '--raw', '--subdir', 'DAGS_FOLDER/user_processing.py', '--cfg-path', '/tmp/tmpmdoz01bk']
[2024-12-25T10:46:17.548+0000] {standard_task_runner.py:83} INFO - Job 19: Subtask create_table
[2024-12-25T10:46:17.633+0000] {task_command.py:376} INFO - Running <TaskInstance: user_processing.create_table scheduled__2024-12-24T00:00:00+00:00 [running]> on host 5c385ae13281
[2024-12-25T10:46:17.715+0000] {taskinstance.py:1592} INFO - Exporting the following env vars:
AIRFLOW_CTX_DAG_OWNER=***
AIRFLOW_CTX_DAG_ID=user_processing
AIRFLOW_CTX_TASK_ID=create_table
AIRFLOW_CTX_EXECUTION_DATE=2024-12-24T00:00:00+00:00
AIRFLOW_CTX_TRY_NUMBER=1
AIRFLOW_CTX_DAG_RUN_ID=scheduled__2024-12-24T00:00:00+00:00
[2024-12-25T10:46:17.729+0000] {base.py:71} INFO - Using connection ID 'postgres' for task execution.
[2024-12-25T10:46:17.734+0000] {sql.py:315} INFO - Running statement: 
            CREATE TABLE IF NOT EXISTS users (
                firstname TEXT NOT NULL,
                lastname TEXT NOT NULL,
                country TEXT NOT NULL,
                username TEXT NOT NULL,
                password TEXT NOT NULL,
                email TEXT NOT NULL
            );
        , parameters: None
[2024-12-25T10:46:17.737+0000] {postgres.py:96} INFO - NOTICE:  relation "users" already exists, skipping

[2024-12-25T10:46:17.749+0000] {taskinstance.py:1406} INFO - Marking task as SUCCESS. dag_id=user_processing, task_id=create_table, execution_date=20241224T000000, start_date=20241225T104617, end_date=20241225T104617
[2024-12-25T10:46:17.798+0000] {local_task_job.py:164} INFO - Task exited with return code 0
[2024-12-25T10:46:17.837+0000] {local_task_job.py:273} INFO - 1 downstream tasks scheduled from follow-on schedule check
