[2024-12-25T10:46:23.252+0000] {taskinstance.py:1165} INFO - Dependencies all met for <TaskInstance: user_processing.extract_user scheduled__2024-12-24T00:00:00+00:00 [queued]>
[2024-12-25T10:46:23.279+0000] {taskinstance.py:1165} INFO - Dependencies all met for <TaskInstance: user_processing.extract_user scheduled__2024-12-24T00:00:00+00:00 [queued]>
[2024-12-25T10:46:23.280+0000] {taskinstance.py:1362} INFO - 
--------------------------------------------------------------------------------
[2024-12-25T10:46:23.281+0000] {taskinstance.py:1363} INFO - Starting attempt 1 of 1
[2024-12-25T10:46:23.282+0000] {taskinstance.py:1364} INFO - 
--------------------------------------------------------------------------------
[2024-12-25T10:46:23.318+0000] {taskinstance.py:1383} INFO - Executing <Task(SimpleHttpOperator): extract_user> on 2024-12-24 00:00:00+00:00
[2024-12-25T10:46:23.339+0000] {standard_task_runner.py:55} INFO - Started process 84 to run task
[2024-12-25T10:46:23.350+0000] {standard_task_runner.py:82} INFO - Running: ['***', 'tasks', 'run', 'user_processing', 'extract_user', 'scheduled__2024-12-24T00:00:00+00:00', '--job-id', '21', '--raw', '--subdir', 'DAGS_FOLDER/user_processing.py', '--cfg-path', '/tmp/tmp6662vya3']
[2024-12-25T10:46:23.360+0000] {standard_task_runner.py:83} INFO - Job 21: Subtask extract_user
[2024-12-25T10:46:23.564+0000] {task_command.py:376} INFO - Running <TaskInstance: user_processing.extract_user scheduled__2024-12-24T00:00:00+00:00 [running]> on host 5c385ae13281
[2024-12-25T10:46:23.693+0000] {taskinstance.py:1592} INFO - Exporting the following env vars:
AIRFLOW_CTX_DAG_OWNER=***
AIRFLOW_CTX_DAG_ID=user_processing
AIRFLOW_CTX_TASK_ID=extract_user
AIRFLOW_CTX_EXECUTION_DATE=2024-12-24T00:00:00+00:00
AIRFLOW_CTX_TRY_NUMBER=1
AIRFLOW_CTX_DAG_RUN_ID=scheduled__2024-12-24T00:00:00+00:00
[2024-12-25T10:46:23.695+0000] {http.py:121} INFO - Calling HTTP method
[2024-12-25T10:46:23.713+0000] {base.py:71} INFO - Using connection ID 'user_api' for task execution.
[2024-12-25T10:46:23.716+0000] {http.py:148} INFO - Sending 'GET' to url: https://randomuser.me/api/
[2024-12-25T10:46:24.060+0000] {http.py:125} INFO - {"results":[{"gender":"male","name":{"title":"Mr","first":"Kolodiy","last":"Pavlishin"},"location":{"street":{"number":4462,"name":"Teslyarska"},"city":"Buchach","state":"Cherkaska","country":"Ukraine","postcode":22142,"coordinates":{"latitude":"74.4411","longitude":"-34.3060"},"timezone":{"offset":"+4:30","description":"Kabul"}},"email":"kolodiy.pavlishin@example.com","login":{"uuid":"7aa7e2f2-7a8f-4749-98a6-a615ab3c5eac","username":"purplegorilla688","password":"kimball","salt":"EMH8CsLM","md5":"24c48b6c2630715ffa8a209170c4431f","sha1":"da1a497cccf2f25e359885033cae654dfca2d60c","sha256":"9d8d8d7415a852f3740141b6ba33079cc11bb329fd1a4e4431e7569c678c05a6"},"dob":{"date":"1967-08-03T18:51:26.889Z","age":57},"registered":{"date":"2003-10-28T16:39:52.349Z","age":21},"phone":"(097) S27-3967","cell":"(066) C20-6879","id":{"name":"","value":null},"picture":{"large":"https://randomuser.me/api/portraits/men/34.jpg","medium":"https://randomuser.me/api/portraits/med/men/34.jpg","thumbnail":"https://randomuser.me/api/portraits/thumb/men/34.jpg"},"nat":"UA"}],"info":{"seed":"1b87033769b81d1d","results":1,"page":1,"version":"1.4"}}
[2024-12-25T10:46:24.126+0000] {taskinstance.py:1406} INFO - Marking task as SUCCESS. dag_id=user_processing, task_id=extract_user, execution_date=20241224T000000, start_date=20241225T104623, end_date=20241225T104624
[2024-12-25T10:46:24.177+0000] {local_task_job.py:164} INFO - Task exited with return code 0
[2024-12-25T10:46:24.232+0000] {local_task_job.py:273} INFO - 1 downstream tasks scheduled from follow-on schedule check
