[2024-12-25T16:18:19.671+0000] {taskinstance.py:1165} INFO - Dependencies all met for <TaskInstance: parallel_dag.high_cpu scheduled__2024-12-24T00:00:00+00:00 [queued]>
[2024-12-25T16:18:19.685+0000] {taskinstance.py:1165} INFO - Dependencies all met for <TaskInstance: parallel_dag.high_cpu scheduled__2024-12-24T00:00:00+00:00 [queued]>
[2024-12-25T16:18:19.686+0000] {taskinstance.py:1362} INFO - 
--------------------------------------------------------------------------------
[2024-12-25T16:18:19.688+0000] {taskinstance.py:1363} INFO - Starting attempt 1 of 1
[2024-12-25T16:18:19.688+0000] {taskinstance.py:1364} INFO - 
--------------------------------------------------------------------------------
[2024-12-25T16:18:19.707+0000] {taskinstance.py:1383} INFO - Executing <Task(BashOperator): high_cpu> on 2024-12-24 00:00:00+00:00
[2024-12-25T16:18:19.716+0000] {standard_task_runner.py:55} INFO - Started process 354 to run task
[2024-12-25T16:18:19.719+0000] {standard_task_runner.py:82} INFO - Running: ['***', 'tasks', 'run', 'parallel_dag', 'high_cpu', 'scheduled__2024-12-24T00:00:00+00:00', '--job-id', '42', '--raw', '--subdir', 'DAGS_FOLDER/parallel.dag.py', '--cfg-path', '/tmp/tmpu5we91n0']
[2024-12-25T16:18:19.720+0000] {standard_task_runner.py:83} INFO - Job 42: Subtask high_cpu
[2024-12-25T16:18:19.789+0000] {task_command.py:376} INFO - Running <TaskInstance: parallel_dag.high_cpu scheduled__2024-12-24T00:00:00+00:00 [running]> on host caf53c1f5416
[2024-12-25T16:18:19.873+0000] {taskinstance.py:1592} INFO - Exporting the following env vars:
AIRFLOW_CTX_DAG_OWNER=***
AIRFLOW_CTX_DAG_ID=parallel_dag
AIRFLOW_CTX_TASK_ID=high_cpu
AIRFLOW_CTX_EXECUTION_DATE=2024-12-24T00:00:00+00:00
AIRFLOW_CTX_TRY_NUMBER=1
AIRFLOW_CTX_DAG_RUN_ID=scheduled__2024-12-24T00:00:00+00:00
[2024-12-25T16:18:19.874+0000] {subprocess.py:63} INFO - Tmp dir root location: 
 /tmp
[2024-12-25T16:18:19.876+0000] {subprocess.py:75} INFO - Running command: ['/bin/bash', '-c', 'sleep 30']
[2024-12-25T16:18:19.890+0000] {subprocess.py:86} INFO - Output:
[2024-12-25T16:18:49.893+0000] {subprocess.py:97} INFO - Command exited with return code 0
[2024-12-25T16:18:49.939+0000] {taskinstance.py:1406} INFO - Marking task as SUCCESS. dag_id=parallel_dag, task_id=high_cpu, execution_date=20241224T000000, start_date=20241225T161819, end_date=20241225T161849
[2024-12-25T16:18:49.974+0000] {local_task_job.py:164} INFO - Task exited with return code 0
[2024-12-25T16:18:49.999+0000] {local_task_job.py:273} INFO - 0 downstream tasks scheduled from follow-on schedule check
