[2024-12-25T10:46:19.809+0000] {taskinstance.py:1165} INFO - Dependencies all met for <TaskInstance: user_processing.is_api_available scheduled__2024-12-24T00:00:00+00:00 [queued]>
[2024-12-25T10:46:19.824+0000] {taskinstance.py:1165} INFO - Dependencies all met for <TaskInstance: user_processing.is_api_available scheduled__2024-12-24T00:00:00+00:00 [queued]>
[2024-12-25T10:46:19.825+0000] {taskinstance.py:1362} INFO - 
--------------------------------------------------------------------------------
[2024-12-25T10:46:19.826+0000] {taskinstance.py:1363} INFO - Starting attempt 1 of 1
[2024-12-25T10:46:19.826+0000] {taskinstance.py:1364} INFO - 
--------------------------------------------------------------------------------
[2024-12-25T10:46:19.850+0000] {taskinstance.py:1383} INFO - Executing <Task(HttpSensor): is_api_available> on 2024-12-24 00:00:00+00:00
[2024-12-25T10:46:19.858+0000] {standard_task_runner.py:55} INFO - Started process 74 to run task
[2024-12-25T10:46:19.863+0000] {standard_task_runner.py:82} INFO - Running: ['***', 'tasks', 'run', 'user_processing', 'is_api_available', 'scheduled__2024-12-24T00:00:00+00:00', '--job-id', '20', '--raw', '--subdir', 'DAGS_FOLDER/user_processing.py', '--cfg-path', '/tmp/tmp9grbsykz']
[2024-12-25T10:46:19.866+0000] {standard_task_runner.py:83} INFO - Job 20: Subtask is_api_available
[2024-12-25T10:46:20.036+0000] {task_command.py:376} INFO - Running <TaskInstance: user_processing.is_api_available scheduled__2024-12-24T00:00:00+00:00 [running]> on host 5c385ae13281
[2024-12-25T10:46:20.335+0000] {taskinstance.py:1592} INFO - Exporting the following env vars:
AIRFLOW_CTX_DAG_OWNER=***
AIRFLOW_CTX_DAG_ID=user_processing
AIRFLOW_CTX_TASK_ID=is_api_available
AIRFLOW_CTX_EXECUTION_DATE=2024-12-24T00:00:00+00:00
AIRFLOW_CTX_TRY_NUMBER=1
AIRFLOW_CTX_DAG_RUN_ID=scheduled__2024-12-24T00:00:00+00:00
[2024-12-25T10:46:20.356+0000] {http.py:120} INFO - Poking: api/
[2024-12-25T10:46:20.422+0000] {base.py:71} INFO - Using connection ID 'user_api' for task execution.
[2024-12-25T10:46:20.441+0000] {http.py:148} INFO - Sending 'GET' to url: https://randomuser.me/api/
[2024-12-25T10:46:21.202+0000] {base.py:213} INFO - Success criteria met. Exiting.
[2024-12-25T10:46:21.229+0000] {taskinstance.py:1406} INFO - Marking task as SUCCESS. dag_id=user_processing, task_id=is_api_available, execution_date=20241224T000000, start_date=20241225T104619, end_date=20241225T104621
[2024-12-25T10:46:21.309+0000] {local_task_job.py:164} INFO - Task exited with return code 0
[2024-12-25T10:46:21.377+0000] {local_task_job.py:273} INFO - 1 downstream tasks scheduled from follow-on schedule check
