[2024-12-26T11:50:08.096+0000] {processor.py:154} INFO - Started process (PID=357) to work on /opt/airflow/dags/subdags/subdag_transforms.py
[2024-12-26T11:50:08.097+0000] {processor.py:756} INFO - Processing file /opt/airflow/dags/subdags/subdag_transforms.py for tasks to queue
[2024-12-26T11:50:08.099+0000] {logging_mixin.py:120} INFO - [2024-12-26T11:50:08.098+0000] {dagbag.py:537} INFO - Filling up the DagBag from /opt/airflow/dags/subdags/subdag_transforms.py
[2024-12-26T11:50:08.120+0000] {processor.py:768} WARNING - No viable dags retrieved from /opt/airflow/dags/subdags/subdag_transforms.py
[2024-12-26T11:50:08.134+0000] {processor.py:176} INFO - Processing /opt/airflow/dags/subdags/subdag_transforms.py took 0.040 seconds
[2024-12-26T11:50:38.341+0000] {processor.py:154} INFO - Started process (PID=383) to work on /opt/airflow/dags/subdags/subdag_transforms.py
[2024-12-26T11:50:38.343+0000] {processor.py:756} INFO - Processing file /opt/airflow/dags/subdags/subdag_transforms.py for tasks to queue
[2024-12-26T11:50:38.343+0000] {logging_mixin.py:120} INFO - [2024-12-26T11:50:38.343+0000] {dagbag.py:537} INFO - Filling up the DagBag from /opt/airflow/dags/subdags/subdag_transforms.py
[2024-12-26T11:50:38.361+0000] {processor.py:768} WARNING - No viable dags retrieved from /opt/airflow/dags/subdags/subdag_transforms.py
[2024-12-26T11:50:38.377+0000] {processor.py:176} INFO - Processing /opt/airflow/dags/subdags/subdag_transforms.py took 0.038 seconds
[2024-12-26T11:50:43.668+0000] {processor.py:154} INFO - Started process (PID=397) to work on /opt/airflow/dags/subdags/subdag_transforms.py
[2024-12-26T11:50:43.669+0000] {processor.py:756} INFO - Processing file /opt/airflow/dags/subdags/subdag_transforms.py for tasks to queue
[2024-12-26T11:50:43.670+0000] {logging_mixin.py:120} INFO - [2024-12-26T11:50:43.670+0000] {dagbag.py:537} INFO - Filling up the DagBag from /opt/airflow/dags/subdags/subdag_transforms.py
[2024-12-26T11:50:43.712+0000] {processor.py:768} WARNING - No viable dags retrieved from /opt/airflow/dags/subdags/subdag_transforms.py
[2024-12-26T11:50:43.728+0000] {processor.py:176} INFO - Processing /opt/airflow/dags/subdags/subdag_transforms.py took 0.063 seconds
[2024-12-26T11:50:55.505+0000] {processor.py:154} INFO - Started process (PID=410) to work on /opt/airflow/dags/subdags/subdag_transforms.py
[2024-12-26T11:50:55.506+0000] {processor.py:756} INFO - Processing file /opt/airflow/dags/subdags/subdag_transforms.py for tasks to queue
[2024-12-26T11:50:55.507+0000] {logging_mixin.py:120} INFO - [2024-12-26T11:50:55.507+0000] {dagbag.py:537} INFO - Filling up the DagBag from /opt/airflow/dags/subdags/subdag_transforms.py
[2024-12-26T11:50:55.541+0000] {processor.py:768} WARNING - No viable dags retrieved from /opt/airflow/dags/subdags/subdag_transforms.py
[2024-12-26T11:50:55.557+0000] {processor.py:176} INFO - Processing /opt/airflow/dags/subdags/subdag_transforms.py took 0.055 seconds
[2024-12-26T11:51:02.612+0000] {processor.py:154} INFO - Started process (PID=420) to work on /opt/airflow/dags/subdags/subdag_transforms.py
[2024-12-26T11:51:02.614+0000] {processor.py:756} INFO - Processing file /opt/airflow/dags/subdags/subdag_transforms.py for tasks to queue
[2024-12-26T11:51:02.616+0000] {logging_mixin.py:120} INFO - [2024-12-26T11:51:02.615+0000] {dagbag.py:537} INFO - Filling up the DagBag from /opt/airflow/dags/subdags/subdag_transforms.py
[2024-12-26T11:51:02.660+0000] {processor.py:768} WARNING - No viable dags retrieved from /opt/airflow/dags/subdags/subdag_transforms.py
[2024-12-26T11:51:02.680+0000] {processor.py:176} INFO - Processing /opt/airflow/dags/subdags/subdag_transforms.py took 0.073 seconds
[2024-12-26T11:51:26.362+0000] {processor.py:154} INFO - Started process (PID=446) to work on /opt/airflow/dags/subdags/subdag_transforms.py
[2024-12-26T11:51:26.363+0000] {processor.py:756} INFO - Processing file /opt/airflow/dags/subdags/subdag_transforms.py for tasks to queue
[2024-12-26T11:51:26.364+0000] {logging_mixin.py:120} INFO - [2024-12-26T11:51:26.364+0000] {dagbag.py:537} INFO - Filling up the DagBag from /opt/airflow/dags/subdags/subdag_transforms.py
[2024-12-26T11:51:26.398+0000] {processor.py:768} WARNING - No viable dags retrieved from /opt/airflow/dags/subdags/subdag_transforms.py
[2024-12-26T11:51:26.411+0000] {processor.py:176} INFO - Processing /opt/airflow/dags/subdags/subdag_transforms.py took 0.052 seconds
[2024-12-26T11:51:56.651+0000] {processor.py:154} INFO - Started process (PID=494) to work on /opt/airflow/dags/subdags/subdag_transforms.py
[2024-12-26T11:51:56.652+0000] {processor.py:756} INFO - Processing file /opt/airflow/dags/subdags/subdag_transforms.py for tasks to queue
[2024-12-26T11:51:56.653+0000] {logging_mixin.py:120} INFO - [2024-12-26T11:51:56.653+0000] {dagbag.py:537} INFO - Filling up the DagBag from /opt/airflow/dags/subdags/subdag_transforms.py
[2024-12-26T11:51:56.676+0000] {processor.py:768} WARNING - No viable dags retrieved from /opt/airflow/dags/subdags/subdag_transforms.py
[2024-12-26T11:51:56.692+0000] {processor.py:176} INFO - Processing /opt/airflow/dags/subdags/subdag_transforms.py took 0.044 seconds
[2024-12-26T11:52:26.827+0000] {processor.py:154} INFO - Started process (PID=529) to work on /opt/airflow/dags/subdags/subdag_transforms.py
[2024-12-26T11:52:26.828+0000] {processor.py:756} INFO - Processing file /opt/airflow/dags/subdags/subdag_transforms.py for tasks to queue
[2024-12-26T11:52:26.829+0000] {logging_mixin.py:120} INFO - [2024-12-26T11:52:26.829+0000] {dagbag.py:537} INFO - Filling up the DagBag from /opt/airflow/dags/subdags/subdag_transforms.py
[2024-12-26T11:52:26.849+0000] {processor.py:768} WARNING - No viable dags retrieved from /opt/airflow/dags/subdags/subdag_transforms.py
[2024-12-26T11:52:26.865+0000] {processor.py:176} INFO - Processing /opt/airflow/dags/subdags/subdag_transforms.py took 0.041 seconds
[2024-12-26T11:52:57.277+0000] {processor.py:154} INFO - Started process (PID=565) to work on /opt/airflow/dags/subdags/subdag_transforms.py
[2024-12-26T11:52:57.278+0000] {processor.py:756} INFO - Processing file /opt/airflow/dags/subdags/subdag_transforms.py for tasks to queue
[2024-12-26T11:52:57.279+0000] {logging_mixin.py:120} INFO - [2024-12-26T11:52:57.279+0000] {dagbag.py:537} INFO - Filling up the DagBag from /opt/airflow/dags/subdags/subdag_transforms.py
[2024-12-26T11:52:57.299+0000] {processor.py:768} WARNING - No viable dags retrieved from /opt/airflow/dags/subdags/subdag_transforms.py
[2024-12-26T11:52:57.315+0000] {processor.py:176} INFO - Processing /opt/airflow/dags/subdags/subdag_transforms.py took 0.041 seconds
[2024-12-26T11:53:27.985+0000] {processor.py:154} INFO - Started process (PID=605) to work on /opt/airflow/dags/subdags/subdag_transforms.py
[2024-12-26T11:53:27.986+0000] {processor.py:756} INFO - Processing file /opt/airflow/dags/subdags/subdag_transforms.py for tasks to queue
[2024-12-26T11:53:27.987+0000] {logging_mixin.py:120} INFO - [2024-12-26T11:53:27.986+0000] {dagbag.py:537} INFO - Filling up the DagBag from /opt/airflow/dags/subdags/subdag_transforms.py
[2024-12-26T11:53:28.006+0000] {processor.py:768} WARNING - No viable dags retrieved from /opt/airflow/dags/subdags/subdag_transforms.py
[2024-12-26T11:53:28.024+0000] {processor.py:176} INFO - Processing /opt/airflow/dags/subdags/subdag_transforms.py took 0.042 seconds
[2024-12-26T11:53:58.271+0000] {processor.py:154} INFO - Started process (PID=640) to work on /opt/airflow/dags/subdags/subdag_transforms.py
[2024-12-26T11:53:58.272+0000] {processor.py:756} INFO - Processing file /opt/airflow/dags/subdags/subdag_transforms.py for tasks to queue
[2024-12-26T11:53:58.273+0000] {logging_mixin.py:120} INFO - [2024-12-26T11:53:58.273+0000] {dagbag.py:537} INFO - Filling up the DagBag from /opt/airflow/dags/subdags/subdag_transforms.py
[2024-12-26T11:53:58.303+0000] {processor.py:768} WARNING - No viable dags retrieved from /opt/airflow/dags/subdags/subdag_transforms.py
[2024-12-26T11:53:58.336+0000] {processor.py:176} INFO - Processing /opt/airflow/dags/subdags/subdag_transforms.py took 0.069 seconds
[2024-12-26T11:54:28.731+0000] {processor.py:154} INFO - Started process (PID=675) to work on /opt/airflow/dags/subdags/subdag_transforms.py
[2024-12-26T11:54:28.733+0000] {processor.py:756} INFO - Processing file /opt/airflow/dags/subdags/subdag_transforms.py for tasks to queue
[2024-12-26T11:54:28.733+0000] {logging_mixin.py:120} INFO - [2024-12-26T11:54:28.733+0000] {dagbag.py:537} INFO - Filling up the DagBag from /opt/airflow/dags/subdags/subdag_transforms.py
[2024-12-26T11:54:28.756+0000] {processor.py:768} WARNING - No viable dags retrieved from /opt/airflow/dags/subdags/subdag_transforms.py
[2024-12-26T11:54:28.771+0000] {processor.py:176} INFO - Processing /opt/airflow/dags/subdags/subdag_transforms.py took 0.043 seconds
[2024-12-26T11:54:58.917+0000] {processor.py:154} INFO - Started process (PID=701) to work on /opt/airflow/dags/subdags/subdag_transforms.py
[2024-12-26T11:54:58.918+0000] {processor.py:756} INFO - Processing file /opt/airflow/dags/subdags/subdag_transforms.py for tasks to queue
[2024-12-26T11:54:58.920+0000] {logging_mixin.py:120} INFO - [2024-12-26T11:54:58.919+0000] {dagbag.py:537} INFO - Filling up the DagBag from /opt/airflow/dags/subdags/subdag_transforms.py
[2024-12-26T11:54:58.940+0000] {processor.py:768} WARNING - No viable dags retrieved from /opt/airflow/dags/subdags/subdag_transforms.py
[2024-12-26T11:54:58.959+0000] {processor.py:176} INFO - Processing /opt/airflow/dags/subdags/subdag_transforms.py took 0.045 seconds
[2024-12-26T11:55:29.613+0000] {processor.py:154} INFO - Started process (PID=736) to work on /opt/airflow/dags/subdags/subdag_transforms.py
[2024-12-26T11:55:29.615+0000] {processor.py:756} INFO - Processing file /opt/airflow/dags/subdags/subdag_transforms.py for tasks to queue
[2024-12-26T11:55:29.616+0000] {logging_mixin.py:120} INFO - [2024-12-26T11:55:29.616+0000] {dagbag.py:537} INFO - Filling up the DagBag from /opt/airflow/dags/subdags/subdag_transforms.py
[2024-12-26T11:55:29.634+0000] {processor.py:768} WARNING - No viable dags retrieved from /opt/airflow/dags/subdags/subdag_transforms.py
[2024-12-26T11:55:29.649+0000] {processor.py:176} INFO - Processing /opt/airflow/dags/subdags/subdag_transforms.py took 0.038 seconds
[2024-12-26T11:55:59.877+0000] {processor.py:154} INFO - Started process (PID=771) to work on /opt/airflow/dags/subdags/subdag_transforms.py
[2024-12-26T11:55:59.878+0000] {processor.py:756} INFO - Processing file /opt/airflow/dags/subdags/subdag_transforms.py for tasks to queue
[2024-12-26T11:55:59.880+0000] {logging_mixin.py:120} INFO - [2024-12-26T11:55:59.880+0000] {dagbag.py:537} INFO - Filling up the DagBag from /opt/airflow/dags/subdags/subdag_transforms.py
[2024-12-26T11:55:59.905+0000] {processor.py:768} WARNING - No viable dags retrieved from /opt/airflow/dags/subdags/subdag_transforms.py
[2024-12-26T11:55:59.924+0000] {processor.py:176} INFO - Processing /opt/airflow/dags/subdags/subdag_transforms.py took 0.052 seconds
[2024-12-26T11:56:30.082+0000] {processor.py:154} INFO - Started process (PID=798) to work on /opt/airflow/dags/subdags/subdag_transforms.py
[2024-12-26T11:56:30.083+0000] {processor.py:756} INFO - Processing file /opt/airflow/dags/subdags/subdag_transforms.py for tasks to queue
[2024-12-26T11:56:30.084+0000] {logging_mixin.py:120} INFO - [2024-12-26T11:56:30.084+0000] {dagbag.py:537} INFO - Filling up the DagBag from /opt/airflow/dags/subdags/subdag_transforms.py
[2024-12-26T11:56:30.104+0000] {processor.py:768} WARNING - No viable dags retrieved from /opt/airflow/dags/subdags/subdag_transforms.py
[2024-12-26T11:56:30.120+0000] {processor.py:176} INFO - Processing /opt/airflow/dags/subdags/subdag_transforms.py took 0.041 seconds
[2024-12-26T11:57:00.327+0000] {processor.py:154} INFO - Started process (PID=833) to work on /opt/airflow/dags/subdags/subdag_transforms.py
[2024-12-26T11:57:00.328+0000] {processor.py:756} INFO - Processing file /opt/airflow/dags/subdags/subdag_transforms.py for tasks to queue
[2024-12-26T11:57:00.329+0000] {logging_mixin.py:120} INFO - [2024-12-26T11:57:00.329+0000] {dagbag.py:537} INFO - Filling up the DagBag from /opt/airflow/dags/subdags/subdag_transforms.py
[2024-12-26T11:57:00.352+0000] {processor.py:768} WARNING - No viable dags retrieved from /opt/airflow/dags/subdags/subdag_transforms.py
[2024-12-26T11:57:00.371+0000] {processor.py:176} INFO - Processing /opt/airflow/dags/subdags/subdag_transforms.py took 0.049 seconds
[2024-12-26T11:57:30.658+0000] {processor.py:154} INFO - Started process (PID=868) to work on /opt/airflow/dags/subdags/subdag_transforms.py
[2024-12-26T11:57:30.660+0000] {processor.py:756} INFO - Processing file /opt/airflow/dags/subdags/subdag_transforms.py for tasks to queue
[2024-12-26T11:57:30.661+0000] {logging_mixin.py:120} INFO - [2024-12-26T11:57:30.661+0000] {dagbag.py:537} INFO - Filling up the DagBag from /opt/airflow/dags/subdags/subdag_transforms.py
[2024-12-26T11:57:30.686+0000] {processor.py:768} WARNING - No viable dags retrieved from /opt/airflow/dags/subdags/subdag_transforms.py
[2024-12-26T11:57:30.705+0000] {processor.py:176} INFO - Processing /opt/airflow/dags/subdags/subdag_transforms.py took 0.051 seconds
[2024-12-26T11:58:00.893+0000] {processor.py:154} INFO - Started process (PID=894) to work on /opt/airflow/dags/subdags/subdag_transforms.py
[2024-12-26T11:58:00.895+0000] {processor.py:756} INFO - Processing file /opt/airflow/dags/subdags/subdag_transforms.py for tasks to queue
[2024-12-26T11:58:00.896+0000] {logging_mixin.py:120} INFO - [2024-12-26T11:58:00.896+0000] {dagbag.py:537} INFO - Filling up the DagBag from /opt/airflow/dags/subdags/subdag_transforms.py
[2024-12-26T11:58:00.914+0000] {processor.py:768} WARNING - No viable dags retrieved from /opt/airflow/dags/subdags/subdag_transforms.py
[2024-12-26T11:58:00.929+0000] {processor.py:176} INFO - Processing /opt/airflow/dags/subdags/subdag_transforms.py took 0.038 seconds
[2024-12-26T11:58:31.216+0000] {processor.py:154} INFO - Started process (PID=929) to work on /opt/airflow/dags/subdags/subdag_transforms.py
[2024-12-26T11:58:31.217+0000] {processor.py:756} INFO - Processing file /opt/airflow/dags/subdags/subdag_transforms.py for tasks to queue
[2024-12-26T11:58:31.218+0000] {logging_mixin.py:120} INFO - [2024-12-26T11:58:31.218+0000] {dagbag.py:537} INFO - Filling up the DagBag from /opt/airflow/dags/subdags/subdag_transforms.py
[2024-12-26T11:58:31.239+0000] {processor.py:768} WARNING - No viable dags retrieved from /opt/airflow/dags/subdags/subdag_transforms.py
[2024-12-26T11:58:31.255+0000] {processor.py:176} INFO - Processing /opt/airflow/dags/subdags/subdag_transforms.py took 0.042 seconds
[2024-12-26T11:59:01.565+0000] {processor.py:154} INFO - Started process (PID=964) to work on /opt/airflow/dags/subdags/subdag_transforms.py
[2024-12-26T11:59:01.568+0000] {processor.py:756} INFO - Processing file /opt/airflow/dags/subdags/subdag_transforms.py for tasks to queue
[2024-12-26T11:59:01.569+0000] {logging_mixin.py:120} INFO - [2024-12-26T11:59:01.569+0000] {dagbag.py:537} INFO - Filling up the DagBag from /opt/airflow/dags/subdags/subdag_transforms.py
[2024-12-26T11:59:01.596+0000] {processor.py:768} WARNING - No viable dags retrieved from /opt/airflow/dags/subdags/subdag_transforms.py
[2024-12-26T11:59:01.611+0000] {processor.py:176} INFO - Processing /opt/airflow/dags/subdags/subdag_transforms.py took 0.053 seconds
[2024-12-26T11:59:31.795+0000] {processor.py:154} INFO - Started process (PID=990) to work on /opt/airflow/dags/subdags/subdag_transforms.py
[2024-12-26T11:59:31.796+0000] {processor.py:756} INFO - Processing file /opt/airflow/dags/subdags/subdag_transforms.py for tasks to queue
[2024-12-26T11:59:31.797+0000] {logging_mixin.py:120} INFO - [2024-12-26T11:59:31.797+0000] {dagbag.py:537} INFO - Filling up the DagBag from /opt/airflow/dags/subdags/subdag_transforms.py
[2024-12-26T11:59:31.817+0000] {processor.py:768} WARNING - No viable dags retrieved from /opt/airflow/dags/subdags/subdag_transforms.py
[2024-12-26T11:59:31.833+0000] {processor.py:176} INFO - Processing /opt/airflow/dags/subdags/subdag_transforms.py took 0.040 seconds
[2024-12-26T12:00:02.417+0000] {processor.py:154} INFO - Started process (PID=1025) to work on /opt/airflow/dags/subdags/subdag_transforms.py
[2024-12-26T12:00:02.418+0000] {processor.py:756} INFO - Processing file /opt/airflow/dags/subdags/subdag_transforms.py for tasks to queue
[2024-12-26T12:00:02.419+0000] {logging_mixin.py:120} INFO - [2024-12-26T12:00:02.418+0000] {dagbag.py:537} INFO - Filling up the DagBag from /opt/airflow/dags/subdags/subdag_transforms.py
[2024-12-26T12:00:02.438+0000] {processor.py:768} WARNING - No viable dags retrieved from /opt/airflow/dags/subdags/subdag_transforms.py
[2024-12-26T12:00:02.455+0000] {processor.py:176} INFO - Processing /opt/airflow/dags/subdags/subdag_transforms.py took 0.041 seconds
[2024-12-26T12:00:32.723+0000] {processor.py:154} INFO - Started process (PID=1060) to work on /opt/airflow/dags/subdags/subdag_transforms.py
[2024-12-26T12:00:32.724+0000] {processor.py:756} INFO - Processing file /opt/airflow/dags/subdags/subdag_transforms.py for tasks to queue
[2024-12-26T12:00:32.725+0000] {logging_mixin.py:120} INFO - [2024-12-26T12:00:32.725+0000] {dagbag.py:537} INFO - Filling up the DagBag from /opt/airflow/dags/subdags/subdag_transforms.py
[2024-12-26T12:00:32.743+0000] {processor.py:768} WARNING - No viable dags retrieved from /opt/airflow/dags/subdags/subdag_transforms.py
[2024-12-26T12:00:32.757+0000] {processor.py:176} INFO - Processing /opt/airflow/dags/subdags/subdag_transforms.py took 0.037 seconds
[2024-12-26T12:01:02.999+0000] {processor.py:154} INFO - Started process (PID=1086) to work on /opt/airflow/dags/subdags/subdag_transforms.py
[2024-12-26T12:01:03.001+0000] {processor.py:756} INFO - Processing file /opt/airflow/dags/subdags/subdag_transforms.py for tasks to queue
[2024-12-26T12:01:03.002+0000] {logging_mixin.py:120} INFO - [2024-12-26T12:01:03.002+0000] {dagbag.py:537} INFO - Filling up the DagBag from /opt/airflow/dags/subdags/subdag_transforms.py
[2024-12-26T12:01:03.022+0000] {processor.py:768} WARNING - No viable dags retrieved from /opt/airflow/dags/subdags/subdag_transforms.py
[2024-12-26T12:01:03.037+0000] {processor.py:176} INFO - Processing /opt/airflow/dags/subdags/subdag_transforms.py took 0.041 seconds
[2024-12-26T12:01:33.219+0000] {processor.py:154} INFO - Started process (PID=1121) to work on /opt/airflow/dags/subdags/subdag_transforms.py
[2024-12-26T12:01:33.220+0000] {processor.py:756} INFO - Processing file /opt/airflow/dags/subdags/subdag_transforms.py for tasks to queue
[2024-12-26T12:01:33.221+0000] {logging_mixin.py:120} INFO - [2024-12-26T12:01:33.221+0000] {dagbag.py:537} INFO - Filling up the DagBag from /opt/airflow/dags/subdags/subdag_transforms.py
[2024-12-26T12:01:33.242+0000] {processor.py:768} WARNING - No viable dags retrieved from /opt/airflow/dags/subdags/subdag_transforms.py
[2024-12-26T12:01:33.256+0000] {processor.py:176} INFO - Processing /opt/airflow/dags/subdags/subdag_transforms.py took 0.039 seconds
[2024-12-26T12:02:03.303+0000] {processor.py:154} INFO - Started process (PID=1157) to work on /opt/airflow/dags/subdags/subdag_transforms.py
[2024-12-26T12:02:03.304+0000] {processor.py:756} INFO - Processing file /opt/airflow/dags/subdags/subdag_transforms.py for tasks to queue
[2024-12-26T12:02:03.305+0000] {logging_mixin.py:120} INFO - [2024-12-26T12:02:03.305+0000] {dagbag.py:537} INFO - Filling up the DagBag from /opt/airflow/dags/subdags/subdag_transforms.py
[2024-12-26T12:02:03.324+0000] {processor.py:768} WARNING - No viable dags retrieved from /opt/airflow/dags/subdags/subdag_transforms.py
[2024-12-26T12:02:03.339+0000] {processor.py:176} INFO - Processing /opt/airflow/dags/subdags/subdag_transforms.py took 0.038 seconds
[2024-12-26T12:02:33.692+0000] {processor.py:154} INFO - Started process (PID=1183) to work on /opt/airflow/dags/subdags/subdag_transforms.py
[2024-12-26T12:02:33.693+0000] {processor.py:756} INFO - Processing file /opt/airflow/dags/subdags/subdag_transforms.py for tasks to queue
[2024-12-26T12:02:33.695+0000] {logging_mixin.py:120} INFO - [2024-12-26T12:02:33.694+0000] {dagbag.py:537} INFO - Filling up the DagBag from /opt/airflow/dags/subdags/subdag_transforms.py
[2024-12-26T12:02:33.717+0000] {processor.py:768} WARNING - No viable dags retrieved from /opt/airflow/dags/subdags/subdag_transforms.py
[2024-12-26T12:02:33.729+0000] {processor.py:176} INFO - Processing /opt/airflow/dags/subdags/subdag_transforms.py took 0.046 seconds
[2024-12-26T12:03:03.902+0000] {processor.py:154} INFO - Started process (PID=1219) to work on /opt/airflow/dags/subdags/subdag_transforms.py
[2024-12-26T12:03:03.904+0000] {processor.py:756} INFO - Processing file /opt/airflow/dags/subdags/subdag_transforms.py for tasks to queue
[2024-12-26T12:03:03.905+0000] {logging_mixin.py:120} INFO - [2024-12-26T12:03:03.905+0000] {dagbag.py:537} INFO - Filling up the DagBag from /opt/airflow/dags/subdags/subdag_transforms.py
[2024-12-26T12:03:03.925+0000] {processor.py:768} WARNING - No viable dags retrieved from /opt/airflow/dags/subdags/subdag_transforms.py
[2024-12-26T12:03:03.942+0000] {processor.py:176} INFO - Processing /opt/airflow/dags/subdags/subdag_transforms.py took 0.044 seconds
[2024-12-26T12:03:34.104+0000] {processor.py:154} INFO - Started process (PID=1254) to work on /opt/airflow/dags/subdags/subdag_transforms.py
[2024-12-26T12:03:34.106+0000] {processor.py:756} INFO - Processing file /opt/airflow/dags/subdags/subdag_transforms.py for tasks to queue
[2024-12-26T12:03:34.107+0000] {logging_mixin.py:120} INFO - [2024-12-26T12:03:34.106+0000] {dagbag.py:537} INFO - Filling up the DagBag from /opt/airflow/dags/subdags/subdag_transforms.py
[2024-12-26T12:03:34.124+0000] {processor.py:768} WARNING - No viable dags retrieved from /opt/airflow/dags/subdags/subdag_transforms.py
[2024-12-26T12:03:34.139+0000] {processor.py:176} INFO - Processing /opt/airflow/dags/subdags/subdag_transforms.py took 0.038 seconds
[2024-12-26T12:04:04.248+0000] {processor.py:154} INFO - Started process (PID=1280) to work on /opt/airflow/dags/subdags/subdag_transforms.py
[2024-12-26T12:04:04.249+0000] {processor.py:756} INFO - Processing file /opt/airflow/dags/subdags/subdag_transforms.py for tasks to queue
[2024-12-26T12:04:04.250+0000] {logging_mixin.py:120} INFO - [2024-12-26T12:04:04.250+0000] {dagbag.py:537} INFO - Filling up the DagBag from /opt/airflow/dags/subdags/subdag_transforms.py
[2024-12-26T12:04:04.269+0000] {processor.py:768} WARNING - No viable dags retrieved from /opt/airflow/dags/subdags/subdag_transforms.py
[2024-12-26T12:04:04.284+0000] {processor.py:176} INFO - Processing /opt/airflow/dags/subdags/subdag_transforms.py took 0.039 seconds
[2024-12-26T12:04:34.454+0000] {processor.py:154} INFO - Started process (PID=1315) to work on /opt/airflow/dags/subdags/subdag_transforms.py
[2024-12-26T12:04:34.455+0000] {processor.py:756} INFO - Processing file /opt/airflow/dags/subdags/subdag_transforms.py for tasks to queue
[2024-12-26T12:04:34.456+0000] {logging_mixin.py:120} INFO - [2024-12-26T12:04:34.456+0000] {dagbag.py:537} INFO - Filling up the DagBag from /opt/airflow/dags/subdags/subdag_transforms.py
[2024-12-26T12:04:34.475+0000] {processor.py:768} WARNING - No viable dags retrieved from /opt/airflow/dags/subdags/subdag_transforms.py
[2024-12-26T12:04:34.490+0000] {processor.py:176} INFO - Processing /opt/airflow/dags/subdags/subdag_transforms.py took 0.039 seconds
[2024-12-26T12:05:05.056+0000] {processor.py:154} INFO - Started process (PID=1351) to work on /opt/airflow/dags/subdags/subdag_transforms.py
[2024-12-26T12:05:05.057+0000] {processor.py:756} INFO - Processing file /opt/airflow/dags/subdags/subdag_transforms.py for tasks to queue
[2024-12-26T12:05:05.058+0000] {logging_mixin.py:120} INFO - [2024-12-26T12:05:05.058+0000] {dagbag.py:537} INFO - Filling up the DagBag from /opt/airflow/dags/subdags/subdag_transforms.py
[2024-12-26T12:05:05.082+0000] {processor.py:768} WARNING - No viable dags retrieved from /opt/airflow/dags/subdags/subdag_transforms.py
[2024-12-26T12:05:05.101+0000] {processor.py:176} INFO - Processing /opt/airflow/dags/subdags/subdag_transforms.py took 0.050 seconds
[2024-12-26T12:05:35.273+0000] {processor.py:154} INFO - Started process (PID=1378) to work on /opt/airflow/dags/subdags/subdag_transforms.py
[2024-12-26T12:05:35.275+0000] {processor.py:756} INFO - Processing file /opt/airflow/dags/subdags/subdag_transforms.py for tasks to queue
[2024-12-26T12:05:35.276+0000] {logging_mixin.py:120} INFO - [2024-12-26T12:05:35.276+0000] {dagbag.py:537} INFO - Filling up the DagBag from /opt/airflow/dags/subdags/subdag_transforms.py
[2024-12-26T12:05:35.308+0000] {processor.py:768} WARNING - No viable dags retrieved from /opt/airflow/dags/subdags/subdag_transforms.py
[2024-12-26T12:05:35.330+0000] {processor.py:176} INFO - Processing /opt/airflow/dags/subdags/subdag_transforms.py took 0.061 seconds
[2024-12-26T12:06:05.539+0000] {processor.py:154} INFO - Started process (PID=1413) to work on /opt/airflow/dags/subdags/subdag_transforms.py
[2024-12-26T12:06:05.540+0000] {processor.py:756} INFO - Processing file /opt/airflow/dags/subdags/subdag_transforms.py for tasks to queue
[2024-12-26T12:06:05.541+0000] {logging_mixin.py:120} INFO - [2024-12-26T12:06:05.540+0000] {dagbag.py:537} INFO - Filling up the DagBag from /opt/airflow/dags/subdags/subdag_transforms.py
[2024-12-26T12:06:05.559+0000] {processor.py:768} WARNING - No viable dags retrieved from /opt/airflow/dags/subdags/subdag_transforms.py
[2024-12-26T12:06:05.575+0000] {processor.py:176} INFO - Processing /opt/airflow/dags/subdags/subdag_transforms.py took 0.039 seconds
[2024-12-26T12:06:35.760+0000] {processor.py:154} INFO - Started process (PID=1448) to work on /opt/airflow/dags/subdags/subdag_transforms.py
[2024-12-26T12:06:35.762+0000] {processor.py:756} INFO - Processing file /opt/airflow/dags/subdags/subdag_transforms.py for tasks to queue
[2024-12-26T12:06:35.763+0000] {logging_mixin.py:120} INFO - [2024-12-26T12:06:35.763+0000] {dagbag.py:537} INFO - Filling up the DagBag from /opt/airflow/dags/subdags/subdag_transforms.py
[2024-12-26T12:06:35.788+0000] {processor.py:768} WARNING - No viable dags retrieved from /opt/airflow/dags/subdags/subdag_transforms.py
[2024-12-26T12:06:35.805+0000] {processor.py:176} INFO - Processing /opt/airflow/dags/subdags/subdag_transforms.py took 0.049 seconds
[2024-12-26T12:07:06.025+0000] {processor.py:154} INFO - Started process (PID=1474) to work on /opt/airflow/dags/subdags/subdag_transforms.py
[2024-12-26T12:07:06.026+0000] {processor.py:756} INFO - Processing file /opt/airflow/dags/subdags/subdag_transforms.py for tasks to queue
[2024-12-26T12:07:06.027+0000] {logging_mixin.py:120} INFO - [2024-12-26T12:07:06.027+0000] {dagbag.py:537} INFO - Filling up the DagBag from /opt/airflow/dags/subdags/subdag_transforms.py
[2024-12-26T12:07:06.051+0000] {processor.py:768} WARNING - No viable dags retrieved from /opt/airflow/dags/subdags/subdag_transforms.py
[2024-12-26T12:07:06.068+0000] {processor.py:176} INFO - Processing /opt/airflow/dags/subdags/subdag_transforms.py took 0.046 seconds
[2024-12-26T12:07:36.342+0000] {processor.py:154} INFO - Started process (PID=1509) to work on /opt/airflow/dags/subdags/subdag_transforms.py
[2024-12-26T12:07:36.343+0000] {processor.py:756} INFO - Processing file /opt/airflow/dags/subdags/subdag_transforms.py for tasks to queue
[2024-12-26T12:07:36.344+0000] {logging_mixin.py:120} INFO - [2024-12-26T12:07:36.344+0000] {dagbag.py:537} INFO - Filling up the DagBag from /opt/airflow/dags/subdags/subdag_transforms.py
[2024-12-26T12:07:36.362+0000] {processor.py:768} WARNING - No viable dags retrieved from /opt/airflow/dags/subdags/subdag_transforms.py
[2024-12-26T12:07:36.377+0000] {processor.py:176} INFO - Processing /opt/airflow/dags/subdags/subdag_transforms.py took 0.038 seconds
[2024-12-26T12:08:06.599+0000] {processor.py:154} INFO - Started process (PID=1544) to work on /opt/airflow/dags/subdags/subdag_transforms.py
[2024-12-26T12:08:06.601+0000] {processor.py:756} INFO - Processing file /opt/airflow/dags/subdags/subdag_transforms.py for tasks to queue
[2024-12-26T12:08:06.602+0000] {logging_mixin.py:120} INFO - [2024-12-26T12:08:06.602+0000] {dagbag.py:537} INFO - Filling up the DagBag from /opt/airflow/dags/subdags/subdag_transforms.py
[2024-12-26T12:08:06.627+0000] {processor.py:768} WARNING - No viable dags retrieved from /opt/airflow/dags/subdags/subdag_transforms.py
[2024-12-26T12:08:06.646+0000] {processor.py:176} INFO - Processing /opt/airflow/dags/subdags/subdag_transforms.py took 0.051 seconds
[2024-12-26T12:08:36.867+0000] {processor.py:154} INFO - Started process (PID=1570) to work on /opt/airflow/dags/subdags/subdag_transforms.py
[2024-12-26T12:08:36.868+0000] {processor.py:756} INFO - Processing file /opt/airflow/dags/subdags/subdag_transforms.py for tasks to queue
[2024-12-26T12:08:36.869+0000] {logging_mixin.py:120} INFO - [2024-12-26T12:08:36.869+0000] {dagbag.py:537} INFO - Filling up the DagBag from /opt/airflow/dags/subdags/subdag_transforms.py
[2024-12-26T12:08:36.889+0000] {processor.py:768} WARNING - No viable dags retrieved from /opt/airflow/dags/subdags/subdag_transforms.py
[2024-12-26T12:08:36.904+0000] {processor.py:176} INFO - Processing /opt/airflow/dags/subdags/subdag_transforms.py took 0.039 seconds
[2024-12-26T12:09:07.044+0000] {processor.py:154} INFO - Started process (PID=1605) to work on /opt/airflow/dags/subdags/subdag_transforms.py
[2024-12-26T12:09:07.045+0000] {processor.py:756} INFO - Processing file /opt/airflow/dags/subdags/subdag_transforms.py for tasks to queue
[2024-12-26T12:09:07.046+0000] {logging_mixin.py:120} INFO - [2024-12-26T12:09:07.046+0000] {dagbag.py:537} INFO - Filling up the DagBag from /opt/airflow/dags/subdags/subdag_transforms.py
[2024-12-26T12:09:07.065+0000] {processor.py:768} WARNING - No viable dags retrieved from /opt/airflow/dags/subdags/subdag_transforms.py
[2024-12-26T12:09:07.081+0000] {processor.py:176} INFO - Processing /opt/airflow/dags/subdags/subdag_transforms.py took 0.040 seconds
[2024-12-26T12:09:37.682+0000] {processor.py:154} INFO - Started process (PID=1636) to work on /opt/airflow/dags/subdags/subdag_transforms.py
[2024-12-26T12:09:37.684+0000] {processor.py:756} INFO - Processing file /opt/airflow/dags/subdags/subdag_transforms.py for tasks to queue
[2024-12-26T12:09:37.685+0000] {logging_mixin.py:120} INFO - [2024-12-26T12:09:37.685+0000] {dagbag.py:537} INFO - Filling up the DagBag from /opt/airflow/dags/subdags/subdag_transforms.py
[2024-12-26T12:09:37.713+0000] {processor.py:768} WARNING - No viable dags retrieved from /opt/airflow/dags/subdags/subdag_transforms.py
[2024-12-26T12:09:37.733+0000] {processor.py:176} INFO - Processing /opt/airflow/dags/subdags/subdag_transforms.py took 0.055 seconds
[2024-12-26T12:10:08.055+0000] {processor.py:154} INFO - Started process (PID=1664) to work on /opt/airflow/dags/subdags/subdag_transforms.py
[2024-12-26T12:10:08.056+0000] {processor.py:756} INFO - Processing file /opt/airflow/dags/subdags/subdag_transforms.py for tasks to queue
[2024-12-26T12:10:08.057+0000] {logging_mixin.py:120} INFO - [2024-12-26T12:10:08.057+0000] {dagbag.py:537} INFO - Filling up the DagBag from /opt/airflow/dags/subdags/subdag_transforms.py
[2024-12-26T12:10:08.074+0000] {processor.py:768} WARNING - No viable dags retrieved from /opt/airflow/dags/subdags/subdag_transforms.py
[2024-12-26T12:10:08.089+0000] {processor.py:176} INFO - Processing /opt/airflow/dags/subdags/subdag_transforms.py took 0.037 seconds
[2024-12-26T12:10:38.209+0000] {processor.py:154} INFO - Started process (PID=1699) to work on /opt/airflow/dags/subdags/subdag_transforms.py
[2024-12-26T12:10:38.210+0000] {processor.py:756} INFO - Processing file /opt/airflow/dags/subdags/subdag_transforms.py for tasks to queue
[2024-12-26T12:10:38.210+0000] {logging_mixin.py:120} INFO - [2024-12-26T12:10:38.210+0000] {dagbag.py:537} INFO - Filling up the DagBag from /opt/airflow/dags/subdags/subdag_transforms.py
[2024-12-26T12:10:38.232+0000] {processor.py:768} WARNING - No viable dags retrieved from /opt/airflow/dags/subdags/subdag_transforms.py
[2024-12-26T12:10:38.248+0000] {processor.py:176} INFO - Processing /opt/airflow/dags/subdags/subdag_transforms.py took 0.043 seconds
[2024-12-26T12:11:08.467+0000] {processor.py:154} INFO - Started process (PID=1725) to work on /opt/airflow/dags/subdags/subdag_transforms.py
[2024-12-26T12:11:08.468+0000] {processor.py:756} INFO - Processing file /opt/airflow/dags/subdags/subdag_transforms.py for tasks to queue
[2024-12-26T12:11:08.469+0000] {logging_mixin.py:120} INFO - [2024-12-26T12:11:08.469+0000] {dagbag.py:537} INFO - Filling up the DagBag from /opt/airflow/dags/subdags/subdag_transforms.py
[2024-12-26T12:11:08.492+0000] {processor.py:768} WARNING - No viable dags retrieved from /opt/airflow/dags/subdags/subdag_transforms.py
[2024-12-26T12:11:08.508+0000] {processor.py:176} INFO - Processing /opt/airflow/dags/subdags/subdag_transforms.py took 0.044 seconds
[2024-12-26T12:11:38.828+0000] {processor.py:154} INFO - Started process (PID=1760) to work on /opt/airflow/dags/subdags/subdag_transforms.py
[2024-12-26T12:11:38.830+0000] {processor.py:756} INFO - Processing file /opt/airflow/dags/subdags/subdag_transforms.py for tasks to queue
[2024-12-26T12:11:38.831+0000] {logging_mixin.py:120} INFO - [2024-12-26T12:11:38.831+0000] {dagbag.py:537} INFO - Filling up the DagBag from /opt/airflow/dags/subdags/subdag_transforms.py
[2024-12-26T12:11:38.854+0000] {processor.py:768} WARNING - No viable dags retrieved from /opt/airflow/dags/subdags/subdag_transforms.py
[2024-12-26T12:11:38.869+0000] {processor.py:176} INFO - Processing /opt/airflow/dags/subdags/subdag_transforms.py took 0.044 seconds
[2024-12-26T12:12:09.174+0000] {processor.py:154} INFO - Started process (PID=1795) to work on /opt/airflow/dags/subdags/subdag_transforms.py
[2024-12-26T12:12:09.175+0000] {processor.py:756} INFO - Processing file /opt/airflow/dags/subdags/subdag_transforms.py for tasks to queue
[2024-12-26T12:12:09.177+0000] {logging_mixin.py:120} INFO - [2024-12-26T12:12:09.177+0000] {dagbag.py:537} INFO - Filling up the DagBag from /opt/airflow/dags/subdags/subdag_transforms.py
[2024-12-26T12:12:09.205+0000] {processor.py:768} WARNING - No viable dags retrieved from /opt/airflow/dags/subdags/subdag_transforms.py
[2024-12-26T12:12:09.222+0000] {processor.py:176} INFO - Processing /opt/airflow/dags/subdags/subdag_transforms.py took 0.051 seconds
[2024-12-26T12:12:39.574+0000] {processor.py:154} INFO - Started process (PID=1821) to work on /opt/airflow/dags/subdags/subdag_transforms.py
[2024-12-26T12:12:39.575+0000] {processor.py:756} INFO - Processing file /opt/airflow/dags/subdags/subdag_transforms.py for tasks to queue
[2024-12-26T12:12:39.576+0000] {logging_mixin.py:120} INFO - [2024-12-26T12:12:39.576+0000] {dagbag.py:537} INFO - Filling up the DagBag from /opt/airflow/dags/subdags/subdag_transforms.py
[2024-12-26T12:12:39.595+0000] {processor.py:768} WARNING - No viable dags retrieved from /opt/airflow/dags/subdags/subdag_transforms.py
[2024-12-26T12:12:39.616+0000] {processor.py:176} INFO - Processing /opt/airflow/dags/subdags/subdag_transforms.py took 0.045 seconds
[2024-12-26T12:13:09.932+0000] {processor.py:154} INFO - Started process (PID=1856) to work on /opt/airflow/dags/subdags/subdag_transforms.py
[2024-12-26T12:13:09.934+0000] {processor.py:756} INFO - Processing file /opt/airflow/dags/subdags/subdag_transforms.py for tasks to queue
[2024-12-26T12:13:09.935+0000] {logging_mixin.py:120} INFO - [2024-12-26T12:13:09.935+0000] {dagbag.py:537} INFO - Filling up the DagBag from /opt/airflow/dags/subdags/subdag_transforms.py
[2024-12-26T12:13:09.964+0000] {processor.py:768} WARNING - No viable dags retrieved from /opt/airflow/dags/subdags/subdag_transforms.py
[2024-12-26T12:13:09.989+0000] {processor.py:176} INFO - Processing /opt/airflow/dags/subdags/subdag_transforms.py took 0.059 seconds
[2024-12-26T12:13:40.261+0000] {processor.py:154} INFO - Started process (PID=1891) to work on /opt/airflow/dags/subdags/subdag_transforms.py
[2024-12-26T12:13:40.262+0000] {processor.py:756} INFO - Processing file /opt/airflow/dags/subdags/subdag_transforms.py for tasks to queue
[2024-12-26T12:13:40.264+0000] {logging_mixin.py:120} INFO - [2024-12-26T12:13:40.264+0000] {dagbag.py:537} INFO - Filling up the DagBag from /opt/airflow/dags/subdags/subdag_transforms.py
[2024-12-26T12:13:40.289+0000] {processor.py:768} WARNING - No viable dags retrieved from /opt/airflow/dags/subdags/subdag_transforms.py
[2024-12-26T12:13:40.304+0000] {processor.py:176} INFO - Processing /opt/airflow/dags/subdags/subdag_transforms.py took 0.047 seconds
[2024-12-26T12:14:10.826+0000] {processor.py:154} INFO - Started process (PID=1918) to work on /opt/airflow/dags/subdags/subdag_transforms.py
[2024-12-26T12:14:10.827+0000] {processor.py:756} INFO - Processing file /opt/airflow/dags/subdags/subdag_transforms.py for tasks to queue
[2024-12-26T12:14:10.828+0000] {logging_mixin.py:120} INFO - [2024-12-26T12:14:10.828+0000] {dagbag.py:537} INFO - Filling up the DagBag from /opt/airflow/dags/subdags/subdag_transforms.py
[2024-12-26T12:14:10.846+0000] {processor.py:768} WARNING - No viable dags retrieved from /opt/airflow/dags/subdags/subdag_transforms.py
[2024-12-26T12:14:10.861+0000] {processor.py:176} INFO - Processing /opt/airflow/dags/subdags/subdag_transforms.py took 0.038 seconds
[2024-12-26T12:14:41.639+0000] {processor.py:154} INFO - Started process (PID=1953) to work on /opt/airflow/dags/subdags/subdag_transforms.py
[2024-12-26T12:14:41.640+0000] {processor.py:756} INFO - Processing file /opt/airflow/dags/subdags/subdag_transforms.py for tasks to queue
[2024-12-26T12:14:41.641+0000] {logging_mixin.py:120} INFO - [2024-12-26T12:14:41.641+0000] {dagbag.py:537} INFO - Filling up the DagBag from /opt/airflow/dags/subdags/subdag_transforms.py
[2024-12-26T12:14:41.661+0000] {processor.py:768} WARNING - No viable dags retrieved from /opt/airflow/dags/subdags/subdag_transforms.py
[2024-12-26T12:14:41.676+0000] {processor.py:176} INFO - Processing /opt/airflow/dags/subdags/subdag_transforms.py took 0.040 seconds
[2024-12-26T12:15:12.213+0000] {processor.py:154} INFO - Started process (PID=1989) to work on /opt/airflow/dags/subdags/subdag_transforms.py
[2024-12-26T12:15:12.214+0000] {processor.py:756} INFO - Processing file /opt/airflow/dags/subdags/subdag_transforms.py for tasks to queue
[2024-12-26T12:15:12.215+0000] {logging_mixin.py:120} INFO - [2024-12-26T12:15:12.215+0000] {dagbag.py:537} INFO - Filling up the DagBag from /opt/airflow/dags/subdags/subdag_transforms.py
[2024-12-26T12:15:12.237+0000] {processor.py:768} WARNING - No viable dags retrieved from /opt/airflow/dags/subdags/subdag_transforms.py
[2024-12-26T12:15:12.254+0000] {processor.py:176} INFO - Processing /opt/airflow/dags/subdags/subdag_transforms.py took 0.044 seconds
[2024-12-26T12:15:42.767+0000] {processor.py:154} INFO - Started process (PID=2015) to work on /opt/airflow/dags/subdags/subdag_transforms.py
[2024-12-26T12:15:42.768+0000] {processor.py:756} INFO - Processing file /opt/airflow/dags/subdags/subdag_transforms.py for tasks to queue
[2024-12-26T12:15:42.769+0000] {logging_mixin.py:120} INFO - [2024-12-26T12:15:42.769+0000] {dagbag.py:537} INFO - Filling up the DagBag from /opt/airflow/dags/subdags/subdag_transforms.py
[2024-12-26T12:15:42.792+0000] {processor.py:768} WARNING - No viable dags retrieved from /opt/airflow/dags/subdags/subdag_transforms.py
[2024-12-26T12:15:42.807+0000] {processor.py:176} INFO - Processing /opt/airflow/dags/subdags/subdag_transforms.py took 0.044 seconds
[2024-12-26T12:16:13.476+0000] {processor.py:154} INFO - Started process (PID=2050) to work on /opt/airflow/dags/subdags/subdag_transforms.py
[2024-12-26T12:16:13.478+0000] {processor.py:756} INFO - Processing file /opt/airflow/dags/subdags/subdag_transforms.py for tasks to queue
[2024-12-26T12:16:13.479+0000] {logging_mixin.py:120} INFO - [2024-12-26T12:16:13.479+0000] {dagbag.py:537} INFO - Filling up the DagBag from /opt/airflow/dags/subdags/subdag_transforms.py
[2024-12-26T12:16:13.502+0000] {processor.py:768} WARNING - No viable dags retrieved from /opt/airflow/dags/subdags/subdag_transforms.py
[2024-12-26T12:16:13.520+0000] {processor.py:176} INFO - Processing /opt/airflow/dags/subdags/subdag_transforms.py took 0.047 seconds
[2024-12-26T12:16:44.274+0000] {processor.py:154} INFO - Started process (PID=2086) to work on /opt/airflow/dags/subdags/subdag_transforms.py
[2024-12-26T12:16:44.275+0000] {processor.py:756} INFO - Processing file /opt/airflow/dags/subdags/subdag_transforms.py for tasks to queue
[2024-12-26T12:16:44.276+0000] {logging_mixin.py:120} INFO - [2024-12-26T12:16:44.276+0000] {dagbag.py:537} INFO - Filling up the DagBag from /opt/airflow/dags/subdags/subdag_transforms.py
[2024-12-26T12:16:44.299+0000] {processor.py:768} WARNING - No viable dags retrieved from /opt/airflow/dags/subdags/subdag_transforms.py
[2024-12-26T12:16:44.315+0000] {processor.py:176} INFO - Processing /opt/airflow/dags/subdags/subdag_transforms.py took 0.043 seconds
[2024-12-26T12:17:14.556+0000] {processor.py:154} INFO - Started process (PID=2112) to work on /opt/airflow/dags/subdags/subdag_transforms.py
[2024-12-26T12:17:14.558+0000] {processor.py:756} INFO - Processing file /opt/airflow/dags/subdags/subdag_transforms.py for tasks to queue
[2024-12-26T12:17:14.559+0000] {logging_mixin.py:120} INFO - [2024-12-26T12:17:14.559+0000] {dagbag.py:537} INFO - Filling up the DagBag from /opt/airflow/dags/subdags/subdag_transforms.py
[2024-12-26T12:17:14.588+0000] {processor.py:768} WARNING - No viable dags retrieved from /opt/airflow/dags/subdags/subdag_transforms.py
[2024-12-26T12:17:14.604+0000] {processor.py:176} INFO - Processing /opt/airflow/dags/subdags/subdag_transforms.py took 0.050 seconds
[2024-12-26T12:17:45.047+0000] {processor.py:154} INFO - Started process (PID=2147) to work on /opt/airflow/dags/subdags/subdag_transforms.py
[2024-12-26T12:17:45.049+0000] {processor.py:756} INFO - Processing file /opt/airflow/dags/subdags/subdag_transforms.py for tasks to queue
[2024-12-26T12:17:45.050+0000] {logging_mixin.py:120} INFO - [2024-12-26T12:17:45.050+0000] {dagbag.py:537} INFO - Filling up the DagBag from /opt/airflow/dags/subdags/subdag_transforms.py
[2024-12-26T12:17:45.083+0000] {processor.py:768} WARNING - No viable dags retrieved from /opt/airflow/dags/subdags/subdag_transforms.py
[2024-12-26T12:17:45.102+0000] {processor.py:176} INFO - Processing /opt/airflow/dags/subdags/subdag_transforms.py took 0.060 seconds
[2024-12-26T12:18:15.534+0000] {processor.py:154} INFO - Started process (PID=2183) to work on /opt/airflow/dags/subdags/subdag_transforms.py
[2024-12-26T12:18:15.535+0000] {processor.py:756} INFO - Processing file /opt/airflow/dags/subdags/subdag_transforms.py for tasks to queue
[2024-12-26T12:18:15.536+0000] {logging_mixin.py:120} INFO - [2024-12-26T12:18:15.536+0000] {dagbag.py:537} INFO - Filling up the DagBag from /opt/airflow/dags/subdags/subdag_transforms.py
[2024-12-26T12:18:15.559+0000] {processor.py:768} WARNING - No viable dags retrieved from /opt/airflow/dags/subdags/subdag_transforms.py
[2024-12-26T12:18:15.580+0000] {processor.py:176} INFO - Processing /opt/airflow/dags/subdags/subdag_transforms.py took 0.050 seconds
[2024-12-26T12:18:45.823+0000] {processor.py:154} INFO - Started process (PID=2210) to work on /opt/airflow/dags/subdags/subdag_transforms.py
[2024-12-26T12:18:45.824+0000] {processor.py:756} INFO - Processing file /opt/airflow/dags/subdags/subdag_transforms.py for tasks to queue
[2024-12-26T12:18:45.827+0000] {logging_mixin.py:120} INFO - [2024-12-26T12:18:45.826+0000] {dagbag.py:537} INFO - Filling up the DagBag from /opt/airflow/dags/subdags/subdag_transforms.py
[2024-12-26T12:18:45.853+0000] {processor.py:768} WARNING - No viable dags retrieved from /opt/airflow/dags/subdags/subdag_transforms.py
[2024-12-26T12:18:45.870+0000] {processor.py:176} INFO - Processing /opt/airflow/dags/subdags/subdag_transforms.py took 0.053 seconds
[2024-12-26T12:19:16.340+0000] {processor.py:154} INFO - Started process (PID=2245) to work on /opt/airflow/dags/subdags/subdag_transforms.py
[2024-12-26T12:19:16.341+0000] {processor.py:756} INFO - Processing file /opt/airflow/dags/subdags/subdag_transforms.py for tasks to queue
[2024-12-26T12:19:16.342+0000] {logging_mixin.py:120} INFO - [2024-12-26T12:19:16.342+0000] {dagbag.py:537} INFO - Filling up the DagBag from /opt/airflow/dags/subdags/subdag_transforms.py
[2024-12-26T12:19:16.364+0000] {processor.py:768} WARNING - No viable dags retrieved from /opt/airflow/dags/subdags/subdag_transforms.py
[2024-12-26T12:19:16.379+0000] {processor.py:176} INFO - Processing /opt/airflow/dags/subdags/subdag_transforms.py took 0.042 seconds
[2024-12-26T12:19:46.645+0000] {processor.py:154} INFO - Started process (PID=2271) to work on /opt/airflow/dags/subdags/subdag_transforms.py
[2024-12-26T12:19:46.646+0000] {processor.py:756} INFO - Processing file /opt/airflow/dags/subdags/subdag_transforms.py for tasks to queue
[2024-12-26T12:19:46.647+0000] {logging_mixin.py:120} INFO - [2024-12-26T12:19:46.647+0000] {dagbag.py:537} INFO - Filling up the DagBag from /opt/airflow/dags/subdags/subdag_transforms.py
[2024-12-26T12:19:46.665+0000] {processor.py:768} WARNING - No viable dags retrieved from /opt/airflow/dags/subdags/subdag_transforms.py
[2024-12-26T12:19:46.683+0000] {processor.py:176} INFO - Processing /opt/airflow/dags/subdags/subdag_transforms.py took 0.041 seconds
[2024-12-26T12:20:17.039+0000] {processor.py:154} INFO - Started process (PID=2306) to work on /opt/airflow/dags/subdags/subdag_transforms.py
[2024-12-26T12:20:17.040+0000] {processor.py:756} INFO - Processing file /opt/airflow/dags/subdags/subdag_transforms.py for tasks to queue
[2024-12-26T12:20:17.040+0000] {logging_mixin.py:120} INFO - [2024-12-26T12:20:17.040+0000] {dagbag.py:537} INFO - Filling up the DagBag from /opt/airflow/dags/subdags/subdag_transforms.py
[2024-12-26T12:20:17.059+0000] {processor.py:768} WARNING - No viable dags retrieved from /opt/airflow/dags/subdags/subdag_transforms.py
[2024-12-26T12:20:17.074+0000] {processor.py:176} INFO - Processing /opt/airflow/dags/subdags/subdag_transforms.py took 0.038 seconds
[2024-12-26T12:20:47.154+0000] {processor.py:154} INFO - Started process (PID=2341) to work on /opt/airflow/dags/subdags/subdag_transforms.py
[2024-12-26T12:20:47.155+0000] {processor.py:756} INFO - Processing file /opt/airflow/dags/subdags/subdag_transforms.py for tasks to queue
[2024-12-26T12:20:47.156+0000] {logging_mixin.py:120} INFO - [2024-12-26T12:20:47.156+0000] {dagbag.py:537} INFO - Filling up the DagBag from /opt/airflow/dags/subdags/subdag_transforms.py
[2024-12-26T12:20:47.174+0000] {processor.py:768} WARNING - No viable dags retrieved from /opt/airflow/dags/subdags/subdag_transforms.py
[2024-12-26T12:20:47.188+0000] {processor.py:176} INFO - Processing /opt/airflow/dags/subdags/subdag_transforms.py took 0.037 seconds
[2024-12-26T12:21:17.531+0000] {processor.py:154} INFO - Started process (PID=2367) to work on /opt/airflow/dags/subdags/subdag_transforms.py
[2024-12-26T12:21:17.532+0000] {processor.py:756} INFO - Processing file /opt/airflow/dags/subdags/subdag_transforms.py for tasks to queue
[2024-12-26T12:21:17.533+0000] {logging_mixin.py:120} INFO - [2024-12-26T12:21:17.533+0000] {dagbag.py:537} INFO - Filling up the DagBag from /opt/airflow/dags/subdags/subdag_transforms.py
[2024-12-26T12:21:17.553+0000] {processor.py:768} WARNING - No viable dags retrieved from /opt/airflow/dags/subdags/subdag_transforms.py
[2024-12-26T12:21:17.568+0000] {processor.py:176} INFO - Processing /opt/airflow/dags/subdags/subdag_transforms.py took 0.040 seconds
[2024-12-26T12:21:47.783+0000] {processor.py:154} INFO - Started process (PID=2402) to work on /opt/airflow/dags/subdags/subdag_transforms.py
[2024-12-26T12:21:47.784+0000] {processor.py:756} INFO - Processing file /opt/airflow/dags/subdags/subdag_transforms.py for tasks to queue
[2024-12-26T12:21:47.785+0000] {logging_mixin.py:120} INFO - [2024-12-26T12:21:47.785+0000] {dagbag.py:537} INFO - Filling up the DagBag from /opt/airflow/dags/subdags/subdag_transforms.py
[2024-12-26T12:21:47.807+0000] {processor.py:768} WARNING - No viable dags retrieved from /opt/airflow/dags/subdags/subdag_transforms.py
[2024-12-26T12:21:47.823+0000] {processor.py:176} INFO - Processing /opt/airflow/dags/subdags/subdag_transforms.py took 0.043 seconds
[2024-12-26T12:22:17.948+0000] {processor.py:154} INFO - Started process (PID=2437) to work on /opt/airflow/dags/subdags/subdag_transforms.py
[2024-12-26T12:22:17.949+0000] {processor.py:756} INFO - Processing file /opt/airflow/dags/subdags/subdag_transforms.py for tasks to queue
[2024-12-26T12:22:17.951+0000] {logging_mixin.py:120} INFO - [2024-12-26T12:22:17.950+0000] {dagbag.py:537} INFO - Filling up the DagBag from /opt/airflow/dags/subdags/subdag_transforms.py
[2024-12-26T12:22:17.970+0000] {processor.py:768} WARNING - No viable dags retrieved from /opt/airflow/dags/subdags/subdag_transforms.py
[2024-12-26T12:22:17.985+0000] {processor.py:176} INFO - Processing /opt/airflow/dags/subdags/subdag_transforms.py took 0.039 seconds
[2024-12-26T12:22:48.273+0000] {processor.py:154} INFO - Started process (PID=2463) to work on /opt/airflow/dags/subdags/subdag_transforms.py
[2024-12-26T12:22:48.275+0000] {processor.py:756} INFO - Processing file /opt/airflow/dags/subdags/subdag_transforms.py for tasks to queue
[2024-12-26T12:22:48.276+0000] {logging_mixin.py:120} INFO - [2024-12-26T12:22:48.276+0000] {dagbag.py:537} INFO - Filling up the DagBag from /opt/airflow/dags/subdags/subdag_transforms.py
[2024-12-26T12:22:48.296+0000] {processor.py:768} WARNING - No viable dags retrieved from /opt/airflow/dags/subdags/subdag_transforms.py
[2024-12-26T12:22:48.312+0000] {processor.py:176} INFO - Processing /opt/airflow/dags/subdags/subdag_transforms.py took 0.041 seconds
[2024-12-26T12:23:18.478+0000] {processor.py:154} INFO - Started process (PID=2498) to work on /opt/airflow/dags/subdags/subdag_transforms.py
[2024-12-26T12:23:18.479+0000] {processor.py:756} INFO - Processing file /opt/airflow/dags/subdags/subdag_transforms.py for tasks to queue
[2024-12-26T12:23:18.480+0000] {logging_mixin.py:120} INFO - [2024-12-26T12:23:18.480+0000] {dagbag.py:537} INFO - Filling up the DagBag from /opt/airflow/dags/subdags/subdag_transforms.py
[2024-12-26T12:23:18.499+0000] {processor.py:768} WARNING - No viable dags retrieved from /opt/airflow/dags/subdags/subdag_transforms.py
[2024-12-26T12:23:18.514+0000] {processor.py:176} INFO - Processing /opt/airflow/dags/subdags/subdag_transforms.py took 0.039 seconds
[2024-12-26T12:23:48.676+0000] {processor.py:154} INFO - Started process (PID=2533) to work on /opt/airflow/dags/subdags/subdag_transforms.py
[2024-12-26T12:23:48.678+0000] {processor.py:756} INFO - Processing file /opt/airflow/dags/subdags/subdag_transforms.py for tasks to queue
[2024-12-26T12:23:48.678+0000] {logging_mixin.py:120} INFO - [2024-12-26T12:23:48.678+0000] {dagbag.py:537} INFO - Filling up the DagBag from /opt/airflow/dags/subdags/subdag_transforms.py
[2024-12-26T12:23:48.697+0000] {processor.py:768} WARNING - No viable dags retrieved from /opt/airflow/dags/subdags/subdag_transforms.py
[2024-12-26T12:23:48.713+0000] {processor.py:176} INFO - Processing /opt/airflow/dags/subdags/subdag_transforms.py took 0.039 seconds
[2024-12-26T12:24:18.864+0000] {processor.py:154} INFO - Started process (PID=2559) to work on /opt/airflow/dags/subdags/subdag_transforms.py
[2024-12-26T12:24:18.865+0000] {processor.py:756} INFO - Processing file /opt/airflow/dags/subdags/subdag_transforms.py for tasks to queue
[2024-12-26T12:24:18.866+0000] {logging_mixin.py:120} INFO - [2024-12-26T12:24:18.866+0000] {dagbag.py:537} INFO - Filling up the DagBag from /opt/airflow/dags/subdags/subdag_transforms.py
[2024-12-26T12:24:18.885+0000] {processor.py:768} WARNING - No viable dags retrieved from /opt/airflow/dags/subdags/subdag_transforms.py
[2024-12-26T12:24:18.900+0000] {processor.py:176} INFO - Processing /opt/airflow/dags/subdags/subdag_transforms.py took 0.039 seconds
[2024-12-26T12:24:49.132+0000] {processor.py:154} INFO - Started process (PID=2594) to work on /opt/airflow/dags/subdags/subdag_transforms.py
[2024-12-26T12:24:49.133+0000] {processor.py:756} INFO - Processing file /opt/airflow/dags/subdags/subdag_transforms.py for tasks to queue
[2024-12-26T12:24:49.134+0000] {logging_mixin.py:120} INFO - [2024-12-26T12:24:49.134+0000] {dagbag.py:537} INFO - Filling up the DagBag from /opt/airflow/dags/subdags/subdag_transforms.py
[2024-12-26T12:24:49.156+0000] {processor.py:768} WARNING - No viable dags retrieved from /opt/airflow/dags/subdags/subdag_transforms.py
[2024-12-26T12:24:49.176+0000] {processor.py:176} INFO - Processing /opt/airflow/dags/subdags/subdag_transforms.py took 0.046 seconds
[2024-12-26T12:25:19.482+0000] {processor.py:154} INFO - Started process (PID=2629) to work on /opt/airflow/dags/subdags/subdag_transforms.py
[2024-12-26T12:25:19.483+0000] {processor.py:756} INFO - Processing file /opt/airflow/dags/subdags/subdag_transforms.py for tasks to queue
[2024-12-26T12:25:19.484+0000] {logging_mixin.py:120} INFO - [2024-12-26T12:25:19.484+0000] {dagbag.py:537} INFO - Filling up the DagBag from /opt/airflow/dags/subdags/subdag_transforms.py
[2024-12-26T12:25:19.502+0000] {processor.py:768} WARNING - No viable dags retrieved from /opt/airflow/dags/subdags/subdag_transforms.py
[2024-12-26T12:25:19.518+0000] {processor.py:176} INFO - Processing /opt/airflow/dags/subdags/subdag_transforms.py took 0.039 seconds
[2024-12-26T12:25:50.134+0000] {processor.py:154} INFO - Started process (PID=2653) to work on /opt/airflow/dags/subdags/subdag_transforms.py
[2024-12-26T12:25:50.136+0000] {processor.py:756} INFO - Processing file /opt/airflow/dags/subdags/subdag_transforms.py for tasks to queue
[2024-12-26T12:25:50.137+0000] {logging_mixin.py:120} INFO - [2024-12-26T12:25:50.137+0000] {dagbag.py:537} INFO - Filling up the DagBag from /opt/airflow/dags/subdags/subdag_transforms.py
[2024-12-26T12:25:50.176+0000] {processor.py:768} WARNING - No viable dags retrieved from /opt/airflow/dags/subdags/subdag_transforms.py
[2024-12-26T12:25:50.195+0000] {processor.py:176} INFO - Processing /opt/airflow/dags/subdags/subdag_transforms.py took 0.065 seconds
[2024-12-26T12:26:20.807+0000] {processor.py:154} INFO - Started process (PID=2688) to work on /opt/airflow/dags/subdags/subdag_transforms.py
[2024-12-26T12:26:20.809+0000] {processor.py:756} INFO - Processing file /opt/airflow/dags/subdags/subdag_transforms.py for tasks to queue
[2024-12-26T12:26:20.810+0000] {logging_mixin.py:120} INFO - [2024-12-26T12:26:20.810+0000] {dagbag.py:537} INFO - Filling up the DagBag from /opt/airflow/dags/subdags/subdag_transforms.py
[2024-12-26T12:26:20.849+0000] {processor.py:768} WARNING - No viable dags retrieved from /opt/airflow/dags/subdags/subdag_transforms.py
[2024-12-26T12:26:20.869+0000] {processor.py:176} INFO - Processing /opt/airflow/dags/subdags/subdag_transforms.py took 0.067 seconds
[2024-12-26T12:26:51.234+0000] {processor.py:154} INFO - Started process (PID=2723) to work on /opt/airflow/dags/subdags/subdag_transforms.py
[2024-12-26T12:26:51.235+0000] {processor.py:756} INFO - Processing file /opt/airflow/dags/subdags/subdag_transforms.py for tasks to queue
[2024-12-26T12:26:51.236+0000] {logging_mixin.py:120} INFO - [2024-12-26T12:26:51.236+0000] {dagbag.py:537} INFO - Filling up the DagBag from /opt/airflow/dags/subdags/subdag_transforms.py
[2024-12-26T12:26:51.258+0000] {processor.py:768} WARNING - No viable dags retrieved from /opt/airflow/dags/subdags/subdag_transforms.py
[2024-12-26T12:26:51.277+0000] {processor.py:176} INFO - Processing /opt/airflow/dags/subdags/subdag_transforms.py took 0.046 seconds
[2024-12-26T12:27:21.695+0000] {processor.py:154} INFO - Started process (PID=2749) to work on /opt/airflow/dags/subdags/subdag_transforms.py
[2024-12-26T12:27:21.698+0000] {processor.py:756} INFO - Processing file /opt/airflow/dags/subdags/subdag_transforms.py for tasks to queue
[2024-12-26T12:27:21.700+0000] {logging_mixin.py:120} INFO - [2024-12-26T12:27:21.700+0000] {dagbag.py:537} INFO - Filling up the DagBag from /opt/airflow/dags/subdags/subdag_transforms.py
[2024-12-26T12:27:21.755+0000] {processor.py:768} WARNING - No viable dags retrieved from /opt/airflow/dags/subdags/subdag_transforms.py
[2024-12-26T12:27:21.783+0000] {processor.py:176} INFO - Processing /opt/airflow/dags/subdags/subdag_transforms.py took 0.093 seconds
[2024-12-26T12:27:52.418+0000] {processor.py:154} INFO - Started process (PID=2784) to work on /opt/airflow/dags/subdags/subdag_transforms.py
[2024-12-26T12:27:52.419+0000] {processor.py:756} INFO - Processing file /opt/airflow/dags/subdags/subdag_transforms.py for tasks to queue
[2024-12-26T12:27:52.419+0000] {logging_mixin.py:120} INFO - [2024-12-26T12:27:52.419+0000] {dagbag.py:537} INFO - Filling up the DagBag from /opt/airflow/dags/subdags/subdag_transforms.py
[2024-12-26T12:27:52.443+0000] {processor.py:768} WARNING - No viable dags retrieved from /opt/airflow/dags/subdags/subdag_transforms.py
[2024-12-26T12:27:52.459+0000] {processor.py:176} INFO - Processing /opt/airflow/dags/subdags/subdag_transforms.py took 0.044 seconds
[2024-12-26T12:28:22.715+0000] {processor.py:154} INFO - Started process (PID=2819) to work on /opt/airflow/dags/subdags/subdag_transforms.py
[2024-12-26T12:28:22.717+0000] {processor.py:756} INFO - Processing file /opt/airflow/dags/subdags/subdag_transforms.py for tasks to queue
[2024-12-26T12:28:22.717+0000] {logging_mixin.py:120} INFO - [2024-12-26T12:28:22.717+0000] {dagbag.py:537} INFO - Filling up the DagBag from /opt/airflow/dags/subdags/subdag_transforms.py
[2024-12-26T12:28:22.738+0000] {processor.py:768} WARNING - No viable dags retrieved from /opt/airflow/dags/subdags/subdag_transforms.py
[2024-12-26T12:28:22.752+0000] {processor.py:176} INFO - Processing /opt/airflow/dags/subdags/subdag_transforms.py took 0.040 seconds
[2024-12-26T12:28:53.010+0000] {processor.py:154} INFO - Started process (PID=2845) to work on /opt/airflow/dags/subdags/subdag_transforms.py
[2024-12-26T12:28:53.012+0000] {processor.py:756} INFO - Processing file /opt/airflow/dags/subdags/subdag_transforms.py for tasks to queue
[2024-12-26T12:28:53.013+0000] {logging_mixin.py:120} INFO - [2024-12-26T12:28:53.013+0000] {dagbag.py:537} INFO - Filling up the DagBag from /opt/airflow/dags/subdags/subdag_transforms.py
[2024-12-26T12:28:53.042+0000] {processor.py:768} WARNING - No viable dags retrieved from /opt/airflow/dags/subdags/subdag_transforms.py
[2024-12-26T12:28:53.065+0000] {processor.py:176} INFO - Processing /opt/airflow/dags/subdags/subdag_transforms.py took 0.058 seconds
[2024-12-26T12:29:23.393+0000] {processor.py:154} INFO - Started process (PID=2880) to work on /opt/airflow/dags/subdags/subdag_transforms.py
[2024-12-26T12:29:23.394+0000] {processor.py:756} INFO - Processing file /opt/airflow/dags/subdags/subdag_transforms.py for tasks to queue
[2024-12-26T12:29:23.395+0000] {logging_mixin.py:120} INFO - [2024-12-26T12:29:23.395+0000] {dagbag.py:537} INFO - Filling up the DagBag from /opt/airflow/dags/subdags/subdag_transforms.py
[2024-12-26T12:29:23.413+0000] {processor.py:768} WARNING - No viable dags retrieved from /opt/airflow/dags/subdags/subdag_transforms.py
[2024-12-26T12:29:23.430+0000] {processor.py:176} INFO - Processing /opt/airflow/dags/subdags/subdag_transforms.py took 0.041 seconds
[2024-12-26T12:29:54.286+0000] {processor.py:154} INFO - Started process (PID=2915) to work on /opt/airflow/dags/subdags/subdag_transforms.py
[2024-12-26T12:29:54.287+0000] {processor.py:756} INFO - Processing file /opt/airflow/dags/subdags/subdag_transforms.py for tasks to queue
[2024-12-26T12:29:54.287+0000] {logging_mixin.py:120} INFO - [2024-12-26T12:29:54.287+0000] {dagbag.py:537} INFO - Filling up the DagBag from /opt/airflow/dags/subdags/subdag_transforms.py
[2024-12-26T12:29:54.309+0000] {processor.py:768} WARNING - No viable dags retrieved from /opt/airflow/dags/subdags/subdag_transforms.py
[2024-12-26T12:29:54.328+0000] {processor.py:176} INFO - Processing /opt/airflow/dags/subdags/subdag_transforms.py took 0.044 seconds
[2024-12-26T12:30:24.948+0000] {processor.py:154} INFO - Started process (PID=2941) to work on /opt/airflow/dags/subdags/subdag_transforms.py
[2024-12-26T12:30:24.950+0000] {processor.py:756} INFO - Processing file /opt/airflow/dags/subdags/subdag_transforms.py for tasks to queue
[2024-12-26T12:30:24.952+0000] {logging_mixin.py:120} INFO - [2024-12-26T12:30:24.951+0000] {dagbag.py:537} INFO - Filling up the DagBag from /opt/airflow/dags/subdags/subdag_transforms.py
[2024-12-26T12:30:24.973+0000] {processor.py:768} WARNING - No viable dags retrieved from /opt/airflow/dags/subdags/subdag_transforms.py
[2024-12-26T12:30:24.994+0000] {processor.py:176} INFO - Processing /opt/airflow/dags/subdags/subdag_transforms.py took 0.049 seconds
[2024-12-26T12:30:55.384+0000] {processor.py:154} INFO - Started process (PID=2976) to work on /opt/airflow/dags/subdags/subdag_transforms.py
[2024-12-26T12:30:55.386+0000] {processor.py:756} INFO - Processing file /opt/airflow/dags/subdags/subdag_transforms.py for tasks to queue
[2024-12-26T12:30:55.388+0000] {logging_mixin.py:120} INFO - [2024-12-26T12:30:55.387+0000] {dagbag.py:537} INFO - Filling up the DagBag from /opt/airflow/dags/subdags/subdag_transforms.py
[2024-12-26T12:30:55.419+0000] {processor.py:768} WARNING - No viable dags retrieved from /opt/airflow/dags/subdags/subdag_transforms.py
[2024-12-26T12:30:55.438+0000] {processor.py:176} INFO - Processing /opt/airflow/dags/subdags/subdag_transforms.py took 0.056 seconds
[2024-12-26T12:31:25.790+0000] {processor.py:154} INFO - Started process (PID=3002) to work on /opt/airflow/dags/subdags/subdag_transforms.py
[2024-12-26T12:31:25.792+0000] {processor.py:756} INFO - Processing file /opt/airflow/dags/subdags/subdag_transforms.py for tasks to queue
[2024-12-26T12:31:25.794+0000] {logging_mixin.py:120} INFO - [2024-12-26T12:31:25.793+0000] {dagbag.py:537} INFO - Filling up the DagBag from /opt/airflow/dags/subdags/subdag_transforms.py
[2024-12-26T12:31:25.816+0000] {processor.py:768} WARNING - No viable dags retrieved from /opt/airflow/dags/subdags/subdag_transforms.py
[2024-12-26T12:31:25.833+0000] {processor.py:176} INFO - Processing /opt/airflow/dags/subdags/subdag_transforms.py took 0.046 seconds
[2024-12-26T12:31:56.088+0000] {processor.py:154} INFO - Started process (PID=3037) to work on /opt/airflow/dags/subdags/subdag_transforms.py
[2024-12-26T12:31:56.090+0000] {processor.py:756} INFO - Processing file /opt/airflow/dags/subdags/subdag_transforms.py for tasks to queue
[2024-12-26T12:31:56.091+0000] {logging_mixin.py:120} INFO - [2024-12-26T12:31:56.091+0000] {dagbag.py:537} INFO - Filling up the DagBag from /opt/airflow/dags/subdags/subdag_transforms.py
[2024-12-26T12:31:56.113+0000] {processor.py:768} WARNING - No viable dags retrieved from /opt/airflow/dags/subdags/subdag_transforms.py
[2024-12-26T12:31:56.130+0000] {processor.py:176} INFO - Processing /opt/airflow/dags/subdags/subdag_transforms.py took 0.044 seconds
[2024-12-26T12:32:26.526+0000] {processor.py:154} INFO - Started process (PID=3072) to work on /opt/airflow/dags/subdags/subdag_transforms.py
[2024-12-26T12:32:26.527+0000] {processor.py:756} INFO - Processing file /opt/airflow/dags/subdags/subdag_transforms.py for tasks to queue
[2024-12-26T12:32:26.528+0000] {logging_mixin.py:120} INFO - [2024-12-26T12:32:26.528+0000] {dagbag.py:537} INFO - Filling up the DagBag from /opt/airflow/dags/subdags/subdag_transforms.py
[2024-12-26T12:32:26.552+0000] {processor.py:768} WARNING - No viable dags retrieved from /opt/airflow/dags/subdags/subdag_transforms.py
[2024-12-26T12:32:26.568+0000] {processor.py:176} INFO - Processing /opt/airflow/dags/subdags/subdag_transforms.py took 0.045 seconds
[2024-12-26T12:32:57.110+0000] {processor.py:154} INFO - Started process (PID=3098) to work on /opt/airflow/dags/subdags/subdag_transforms.py
[2024-12-26T12:32:57.112+0000] {processor.py:756} INFO - Processing file /opt/airflow/dags/subdags/subdag_transforms.py for tasks to queue
[2024-12-26T12:32:57.114+0000] {logging_mixin.py:120} INFO - [2024-12-26T12:32:57.113+0000] {dagbag.py:537} INFO - Filling up the DagBag from /opt/airflow/dags/subdags/subdag_transforms.py
[2024-12-26T12:32:57.140+0000] {processor.py:768} WARNING - No viable dags retrieved from /opt/airflow/dags/subdags/subdag_transforms.py
[2024-12-26T12:32:57.162+0000] {processor.py:176} INFO - Processing /opt/airflow/dags/subdags/subdag_transforms.py took 0.057 seconds
[2024-12-26T12:33:27.824+0000] {processor.py:154} INFO - Started process (PID=3132) to work on /opt/airflow/dags/subdags/subdag_transforms.py
[2024-12-26T12:33:27.828+0000] {processor.py:756} INFO - Processing file /opt/airflow/dags/subdags/subdag_transforms.py for tasks to queue
[2024-12-26T12:33:27.830+0000] {logging_mixin.py:120} INFO - [2024-12-26T12:33:27.830+0000] {dagbag.py:537} INFO - Filling up the DagBag from /opt/airflow/dags/subdags/subdag_transforms.py
[2024-12-26T12:33:27.873+0000] {processor.py:768} WARNING - No viable dags retrieved from /opt/airflow/dags/subdags/subdag_transforms.py
[2024-12-26T12:33:27.896+0000] {processor.py:176} INFO - Processing /opt/airflow/dags/subdags/subdag_transforms.py took 0.080 seconds
[2024-12-26T12:33:58.570+0000] {processor.py:154} INFO - Started process (PID=3168) to work on /opt/airflow/dags/subdags/subdag_transforms.py
[2024-12-26T12:33:58.572+0000] {processor.py:756} INFO - Processing file /opt/airflow/dags/subdags/subdag_transforms.py for tasks to queue
[2024-12-26T12:33:58.573+0000] {logging_mixin.py:120} INFO - [2024-12-26T12:33:58.573+0000] {dagbag.py:537} INFO - Filling up the DagBag from /opt/airflow/dags/subdags/subdag_transforms.py
[2024-12-26T12:33:58.609+0000] {processor.py:768} WARNING - No viable dags retrieved from /opt/airflow/dags/subdags/subdag_transforms.py
[2024-12-26T12:33:58.629+0000] {processor.py:176} INFO - Processing /opt/airflow/dags/subdags/subdag_transforms.py took 0.061 seconds
[2024-12-26T12:34:29.258+0000] {processor.py:154} INFO - Started process (PID=3194) to work on /opt/airflow/dags/subdags/subdag_transforms.py
[2024-12-26T12:34:29.260+0000] {processor.py:756} INFO - Processing file /opt/airflow/dags/subdags/subdag_transforms.py for tasks to queue
[2024-12-26T12:34:29.261+0000] {logging_mixin.py:120} INFO - [2024-12-26T12:34:29.261+0000] {dagbag.py:537} INFO - Filling up the DagBag from /opt/airflow/dags/subdags/subdag_transforms.py
[2024-12-26T12:34:29.296+0000] {processor.py:768} WARNING - No viable dags retrieved from /opt/airflow/dags/subdags/subdag_transforms.py
[2024-12-26T12:34:29.323+0000] {processor.py:176} INFO - Processing /opt/airflow/dags/subdags/subdag_transforms.py took 0.072 seconds
[2024-12-26T12:34:59.714+0000] {processor.py:154} INFO - Started process (PID=3229) to work on /opt/airflow/dags/subdags/subdag_transforms.py
[2024-12-26T12:34:59.715+0000] {processor.py:756} INFO - Processing file /opt/airflow/dags/subdags/subdag_transforms.py for tasks to queue
[2024-12-26T12:34:59.717+0000] {logging_mixin.py:120} INFO - [2024-12-26T12:34:59.716+0000] {dagbag.py:537} INFO - Filling up the DagBag from /opt/airflow/dags/subdags/subdag_transforms.py
[2024-12-26T12:34:59.753+0000] {processor.py:768} WARNING - No viable dags retrieved from /opt/airflow/dags/subdags/subdag_transforms.py
[2024-12-26T12:34:59.772+0000] {processor.py:176} INFO - Processing /opt/airflow/dags/subdags/subdag_transforms.py took 0.062 seconds
[2024-12-26T12:35:29.940+0000] {processor.py:154} INFO - Started process (PID=3256) to work on /opt/airflow/dags/subdags/subdag_transforms.py
[2024-12-26T12:35:29.941+0000] {processor.py:756} INFO - Processing file /opt/airflow/dags/subdags/subdag_transforms.py for tasks to queue
[2024-12-26T12:35:29.942+0000] {logging_mixin.py:120} INFO - [2024-12-26T12:35:29.942+0000] {dagbag.py:537} INFO - Filling up the DagBag from /opt/airflow/dags/subdags/subdag_transforms.py
[2024-12-26T12:35:29.971+0000] {processor.py:768} WARNING - No viable dags retrieved from /opt/airflow/dags/subdags/subdag_transforms.py
[2024-12-26T12:35:29.995+0000] {processor.py:176} INFO - Processing /opt/airflow/dags/subdags/subdag_transforms.py took 0.059 seconds
[2024-12-26T12:36:00.406+0000] {processor.py:154} INFO - Started process (PID=3291) to work on /opt/airflow/dags/subdags/subdag_transforms.py
[2024-12-26T12:36:00.408+0000] {processor.py:756} INFO - Processing file /opt/airflow/dags/subdags/subdag_transforms.py for tasks to queue
[2024-12-26T12:36:00.410+0000] {logging_mixin.py:120} INFO - [2024-12-26T12:36:00.410+0000] {dagbag.py:537} INFO - Filling up the DagBag from /opt/airflow/dags/subdags/subdag_transforms.py
[2024-12-26T12:36:00.460+0000] {processor.py:768} WARNING - No viable dags retrieved from /opt/airflow/dags/subdags/subdag_transforms.py
[2024-12-26T12:36:00.496+0000] {processor.py:176} INFO - Processing /opt/airflow/dags/subdags/subdag_transforms.py took 0.096 seconds
[2024-12-26T12:36:30.648+0000] {processor.py:154} INFO - Started process (PID=3317) to work on /opt/airflow/dags/subdags/subdag_transforms.py
[2024-12-26T12:36:30.650+0000] {processor.py:756} INFO - Processing file /opt/airflow/dags/subdags/subdag_transforms.py for tasks to queue
[2024-12-26T12:36:30.651+0000] {logging_mixin.py:120} INFO - [2024-12-26T12:36:30.651+0000] {dagbag.py:537} INFO - Filling up the DagBag from /opt/airflow/dags/subdags/subdag_transforms.py
[2024-12-26T12:36:30.685+0000] {processor.py:768} WARNING - No viable dags retrieved from /opt/airflow/dags/subdags/subdag_transforms.py
[2024-12-26T12:36:30.709+0000] {processor.py:176} INFO - Processing /opt/airflow/dags/subdags/subdag_transforms.py took 0.066 seconds
[2024-12-26T12:37:01.252+0000] {processor.py:154} INFO - Started process (PID=3352) to work on /opt/airflow/dags/subdags/subdag_transforms.py
[2024-12-26T12:37:01.255+0000] {processor.py:756} INFO - Processing file /opt/airflow/dags/subdags/subdag_transforms.py for tasks to queue
[2024-12-26T12:37:01.257+0000] {logging_mixin.py:120} INFO - [2024-12-26T12:37:01.257+0000] {dagbag.py:537} INFO - Filling up the DagBag from /opt/airflow/dags/subdags/subdag_transforms.py
[2024-12-26T12:37:01.327+0000] {processor.py:768} WARNING - No viable dags retrieved from /opt/airflow/dags/subdags/subdag_transforms.py
[2024-12-26T12:37:01.363+0000] {processor.py:176} INFO - Processing /opt/airflow/dags/subdags/subdag_transforms.py took 0.116 seconds
[2024-12-26T12:37:31.502+0000] {processor.py:154} INFO - Started process (PID=3378) to work on /opt/airflow/dags/subdags/subdag_transforms.py
[2024-12-26T12:37:31.503+0000] {processor.py:756} INFO - Processing file /opt/airflow/dags/subdags/subdag_transforms.py for tasks to queue
[2024-12-26T12:37:31.504+0000] {logging_mixin.py:120} INFO - [2024-12-26T12:37:31.504+0000] {dagbag.py:537} INFO - Filling up the DagBag from /opt/airflow/dags/subdags/subdag_transforms.py
[2024-12-26T12:37:31.525+0000] {processor.py:768} WARNING - No viable dags retrieved from /opt/airflow/dags/subdags/subdag_transforms.py
[2024-12-26T12:37:31.540+0000] {processor.py:176} INFO - Processing /opt/airflow/dags/subdags/subdag_transforms.py took 0.041 seconds
[2024-12-26T12:38:01.744+0000] {processor.py:154} INFO - Started process (PID=3413) to work on /opt/airflow/dags/subdags/subdag_transforms.py
[2024-12-26T12:38:01.745+0000] {processor.py:756} INFO - Processing file /opt/airflow/dags/subdags/subdag_transforms.py for tasks to queue
[2024-12-26T12:38:01.747+0000] {logging_mixin.py:120} INFO - [2024-12-26T12:38:01.746+0000] {dagbag.py:537} INFO - Filling up the DagBag from /opt/airflow/dags/subdags/subdag_transforms.py
[2024-12-26T12:38:01.777+0000] {processor.py:768} WARNING - No viable dags retrieved from /opt/airflow/dags/subdags/subdag_transforms.py
[2024-12-26T12:38:01.793+0000] {processor.py:176} INFO - Processing /opt/airflow/dags/subdags/subdag_transforms.py took 0.052 seconds
[2024-12-26T12:38:32.355+0000] {processor.py:154} INFO - Started process (PID=3440) to work on /opt/airflow/dags/subdags/subdag_transforms.py
[2024-12-26T12:38:32.357+0000] {processor.py:756} INFO - Processing file /opt/airflow/dags/subdags/subdag_transforms.py for tasks to queue
[2024-12-26T12:38:32.358+0000] {logging_mixin.py:120} INFO - [2024-12-26T12:38:32.358+0000] {dagbag.py:537} INFO - Filling up the DagBag from /opt/airflow/dags/subdags/subdag_transforms.py
[2024-12-26T12:38:32.394+0000] {processor.py:768} WARNING - No viable dags retrieved from /opt/airflow/dags/subdags/subdag_transforms.py
[2024-12-26T12:38:32.414+0000] {processor.py:176} INFO - Processing /opt/airflow/dags/subdags/subdag_transforms.py took 0.063 seconds
[2024-12-26T12:39:02.729+0000] {processor.py:154} INFO - Started process (PID=3475) to work on /opt/airflow/dags/subdags/subdag_transforms.py
[2024-12-26T12:39:02.730+0000] {processor.py:756} INFO - Processing file /opt/airflow/dags/subdags/subdag_transforms.py for tasks to queue
[2024-12-26T12:39:02.731+0000] {logging_mixin.py:120} INFO - [2024-12-26T12:39:02.731+0000] {dagbag.py:537} INFO - Filling up the DagBag from /opt/airflow/dags/subdags/subdag_transforms.py
[2024-12-26T12:39:02.764+0000] {processor.py:768} WARNING - No viable dags retrieved from /opt/airflow/dags/subdags/subdag_transforms.py
[2024-12-26T12:39:02.779+0000] {processor.py:176} INFO - Processing /opt/airflow/dags/subdags/subdag_transforms.py took 0.053 seconds
[2024-12-26T12:39:33.128+0000] {processor.py:154} INFO - Started process (PID=3501) to work on /opt/airflow/dags/subdags/subdag_transforms.py
[2024-12-26T12:39:33.130+0000] {processor.py:756} INFO - Processing file /opt/airflow/dags/subdags/subdag_transforms.py for tasks to queue
[2024-12-26T12:39:33.132+0000] {logging_mixin.py:120} INFO - [2024-12-26T12:39:33.131+0000] {dagbag.py:537} INFO - Filling up the DagBag from /opt/airflow/dags/subdags/subdag_transforms.py
[2024-12-26T12:39:33.158+0000] {processor.py:768} WARNING - No viable dags retrieved from /opt/airflow/dags/subdags/subdag_transforms.py
[2024-12-26T12:39:33.180+0000] {processor.py:176} INFO - Processing /opt/airflow/dags/subdags/subdag_transforms.py took 0.057 seconds
[2024-12-26T12:40:04.189+0000] {processor.py:154} INFO - Started process (PID=3536) to work on /opt/airflow/dags/subdags/subdag_transforms.py
[2024-12-26T12:40:04.191+0000] {processor.py:756} INFO - Processing file /opt/airflow/dags/subdags/subdag_transforms.py for tasks to queue
[2024-12-26T12:40:04.191+0000] {logging_mixin.py:120} INFO - [2024-12-26T12:40:04.191+0000] {dagbag.py:537} INFO - Filling up the DagBag from /opt/airflow/dags/subdags/subdag_transforms.py
[2024-12-26T12:40:04.213+0000] {processor.py:768} WARNING - No viable dags retrieved from /opt/airflow/dags/subdags/subdag_transforms.py
[2024-12-26T12:40:04.226+0000] {processor.py:176} INFO - Processing /opt/airflow/dags/subdags/subdag_transforms.py took 0.042 seconds
[2024-12-26T12:40:34.436+0000] {processor.py:154} INFO - Started process (PID=3569) to work on /opt/airflow/dags/subdags/subdag_transforms.py
[2024-12-26T12:40:34.438+0000] {processor.py:756} INFO - Processing file /opt/airflow/dags/subdags/subdag_transforms.py for tasks to queue
[2024-12-26T12:40:34.440+0000] {logging_mixin.py:120} INFO - [2024-12-26T12:40:34.439+0000] {dagbag.py:537} INFO - Filling up the DagBag from /opt/airflow/dags/subdags/subdag_transforms.py
[2024-12-26T12:40:34.459+0000] {processor.py:768} WARNING - No viable dags retrieved from /opt/airflow/dags/subdags/subdag_transforms.py
[2024-12-26T12:40:34.480+0000] {processor.py:176} INFO - Processing /opt/airflow/dags/subdags/subdag_transforms.py took 0.047 seconds
[2024-12-26T12:41:04.807+0000] {processor.py:154} INFO - Started process (PID=3597) to work on /opt/airflow/dags/subdags/subdag_transforms.py
[2024-12-26T12:41:04.809+0000] {processor.py:756} INFO - Processing file /opt/airflow/dags/subdags/subdag_transforms.py for tasks to queue
[2024-12-26T12:41:04.810+0000] {logging_mixin.py:120} INFO - [2024-12-26T12:41:04.810+0000] {dagbag.py:537} INFO - Filling up the DagBag from /opt/airflow/dags/subdags/subdag_transforms.py
[2024-12-26T12:41:04.832+0000] {processor.py:768} WARNING - No viable dags retrieved from /opt/airflow/dags/subdags/subdag_transforms.py
[2024-12-26T12:41:04.851+0000] {processor.py:176} INFO - Processing /opt/airflow/dags/subdags/subdag_transforms.py took 0.046 seconds
[2024-12-26T12:41:35.112+0000] {processor.py:154} INFO - Started process (PID=3632) to work on /opt/airflow/dags/subdags/subdag_transforms.py
[2024-12-26T12:41:35.114+0000] {processor.py:756} INFO - Processing file /opt/airflow/dags/subdags/subdag_transforms.py for tasks to queue
[2024-12-26T12:41:35.116+0000] {logging_mixin.py:120} INFO - [2024-12-26T12:41:35.116+0000] {dagbag.py:537} INFO - Filling up the DagBag from /opt/airflow/dags/subdags/subdag_transforms.py
[2024-12-26T12:41:35.148+0000] {processor.py:768} WARNING - No viable dags retrieved from /opt/airflow/dags/subdags/subdag_transforms.py
[2024-12-26T12:41:35.169+0000] {processor.py:176} INFO - Processing /opt/airflow/dags/subdags/subdag_transforms.py took 0.062 seconds
[2024-12-26T12:42:05.350+0000] {processor.py:154} INFO - Started process (PID=3658) to work on /opt/airflow/dags/subdags/subdag_transforms.py
[2024-12-26T12:42:05.351+0000] {processor.py:756} INFO - Processing file /opt/airflow/dags/subdags/subdag_transforms.py for tasks to queue
[2024-12-26T12:42:05.352+0000] {logging_mixin.py:120} INFO - [2024-12-26T12:42:05.352+0000] {dagbag.py:537} INFO - Filling up the DagBag from /opt/airflow/dags/subdags/subdag_transforms.py
[2024-12-26T12:42:05.373+0000] {processor.py:768} WARNING - No viable dags retrieved from /opt/airflow/dags/subdags/subdag_transforms.py
[2024-12-26T12:42:05.389+0000] {processor.py:176} INFO - Processing /opt/airflow/dags/subdags/subdag_transforms.py took 0.041 seconds
[2024-12-26T12:42:35.921+0000] {processor.py:154} INFO - Started process (PID=3693) to work on /opt/airflow/dags/subdags/subdag_transforms.py
[2024-12-26T12:42:35.922+0000] {processor.py:756} INFO - Processing file /opt/airflow/dags/subdags/subdag_transforms.py for tasks to queue
[2024-12-26T12:42:35.923+0000] {logging_mixin.py:120} INFO - [2024-12-26T12:42:35.923+0000] {dagbag.py:537} INFO - Filling up the DagBag from /opt/airflow/dags/subdags/subdag_transforms.py
[2024-12-26T12:42:35.944+0000] {processor.py:768} WARNING - No viable dags retrieved from /opt/airflow/dags/subdags/subdag_transforms.py
[2024-12-26T12:42:35.960+0000] {processor.py:176} INFO - Processing /opt/airflow/dags/subdags/subdag_transforms.py took 0.042 seconds
[2024-12-26T12:43:06.351+0000] {processor.py:154} INFO - Started process (PID=3728) to work on /opt/airflow/dags/subdags/subdag_transforms.py
[2024-12-26T12:43:06.353+0000] {processor.py:756} INFO - Processing file /opt/airflow/dags/subdags/subdag_transforms.py for tasks to queue
[2024-12-26T12:43:06.354+0000] {logging_mixin.py:120} INFO - [2024-12-26T12:43:06.354+0000] {dagbag.py:537} INFO - Filling up the DagBag from /opt/airflow/dags/subdags/subdag_transforms.py
[2024-12-26T12:43:06.373+0000] {processor.py:768} WARNING - No viable dags retrieved from /opt/airflow/dags/subdags/subdag_transforms.py
[2024-12-26T12:43:06.393+0000] {processor.py:176} INFO - Processing /opt/airflow/dags/subdags/subdag_transforms.py took 0.044 seconds
[2024-12-26T12:43:36.753+0000] {processor.py:154} INFO - Started process (PID=3754) to work on /opt/airflow/dags/subdags/subdag_transforms.py
[2024-12-26T12:43:36.755+0000] {processor.py:756} INFO - Processing file /opt/airflow/dags/subdags/subdag_transforms.py for tasks to queue
[2024-12-26T12:43:36.756+0000] {logging_mixin.py:120} INFO - [2024-12-26T12:43:36.756+0000] {dagbag.py:537} INFO - Filling up the DagBag from /opt/airflow/dags/subdags/subdag_transforms.py
[2024-12-26T12:43:36.776+0000] {processor.py:768} WARNING - No viable dags retrieved from /opt/airflow/dags/subdags/subdag_transforms.py
[2024-12-26T12:43:36.792+0000] {processor.py:176} INFO - Processing /opt/airflow/dags/subdags/subdag_transforms.py took 0.041 seconds
[2024-12-26T12:44:07.546+0000] {processor.py:154} INFO - Started process (PID=3787) to work on /opt/airflow/dags/subdags/subdag_transforms.py
[2024-12-26T12:44:07.548+0000] {processor.py:756} INFO - Processing file /opt/airflow/dags/subdags/subdag_transforms.py for tasks to queue
[2024-12-26T12:44:07.549+0000] {logging_mixin.py:120} INFO - [2024-12-26T12:44:07.549+0000] {dagbag.py:537} INFO - Filling up the DagBag from /opt/airflow/dags/subdags/subdag_transforms.py
[2024-12-26T12:44:07.593+0000] {processor.py:768} WARNING - No viable dags retrieved from /opt/airflow/dags/subdags/subdag_transforms.py
[2024-12-26T12:44:07.615+0000] {processor.py:176} INFO - Processing /opt/airflow/dags/subdags/subdag_transforms.py took 0.073 seconds
[2024-12-26T12:44:37.819+0000] {processor.py:154} INFO - Started process (PID=3822) to work on /opt/airflow/dags/subdags/subdag_transforms.py
[2024-12-26T12:44:37.820+0000] {processor.py:756} INFO - Processing file /opt/airflow/dags/subdags/subdag_transforms.py for tasks to queue
[2024-12-26T12:44:37.821+0000] {logging_mixin.py:120} INFO - [2024-12-26T12:44:37.821+0000] {dagbag.py:537} INFO - Filling up the DagBag from /opt/airflow/dags/subdags/subdag_transforms.py
[2024-12-26T12:44:37.843+0000] {processor.py:768} WARNING - No viable dags retrieved from /opt/airflow/dags/subdags/subdag_transforms.py
[2024-12-26T12:44:37.858+0000] {processor.py:176} INFO - Processing /opt/airflow/dags/subdags/subdag_transforms.py took 0.041 seconds
[2024-12-26T12:45:08.169+0000] {processor.py:154} INFO - Started process (PID=3848) to work on /opt/airflow/dags/subdags/subdag_transforms.py
[2024-12-26T12:45:08.170+0000] {processor.py:756} INFO - Processing file /opt/airflow/dags/subdags/subdag_transforms.py for tasks to queue
[2024-12-26T12:45:08.171+0000] {logging_mixin.py:120} INFO - [2024-12-26T12:45:08.171+0000] {dagbag.py:537} INFO - Filling up the DagBag from /opt/airflow/dags/subdags/subdag_transforms.py
[2024-12-26T12:45:08.195+0000] {processor.py:768} WARNING - No viable dags retrieved from /opt/airflow/dags/subdags/subdag_transforms.py
[2024-12-26T12:45:08.213+0000] {processor.py:176} INFO - Processing /opt/airflow/dags/subdags/subdag_transforms.py took 0.047 seconds
[2024-12-26T12:45:38.810+0000] {processor.py:154} INFO - Started process (PID=3883) to work on /opt/airflow/dags/subdags/subdag_transforms.py
[2024-12-26T12:45:38.811+0000] {processor.py:756} INFO - Processing file /opt/airflow/dags/subdags/subdag_transforms.py for tasks to queue
[2024-12-26T12:45:38.812+0000] {logging_mixin.py:120} INFO - [2024-12-26T12:45:38.812+0000] {dagbag.py:537} INFO - Filling up the DagBag from /opt/airflow/dags/subdags/subdag_transforms.py
[2024-12-26T12:45:38.832+0000] {processor.py:768} WARNING - No viable dags retrieved from /opt/airflow/dags/subdags/subdag_transforms.py
[2024-12-26T12:45:38.848+0000] {processor.py:176} INFO - Processing /opt/airflow/dags/subdags/subdag_transforms.py took 0.042 seconds
[2024-12-26T12:46:09.194+0000] {processor.py:154} INFO - Started process (PID=3918) to work on /opt/airflow/dags/subdags/subdag_transforms.py
[2024-12-26T12:46:09.195+0000] {processor.py:756} INFO - Processing file /opt/airflow/dags/subdags/subdag_transforms.py for tasks to queue
[2024-12-26T12:46:09.196+0000] {logging_mixin.py:120} INFO - [2024-12-26T12:46:09.196+0000] {dagbag.py:537} INFO - Filling up the DagBag from /opt/airflow/dags/subdags/subdag_transforms.py
[2024-12-26T12:46:09.216+0000] {processor.py:768} WARNING - No viable dags retrieved from /opt/airflow/dags/subdags/subdag_transforms.py
[2024-12-26T12:46:09.230+0000] {processor.py:176} INFO - Processing /opt/airflow/dags/subdags/subdag_transforms.py took 0.038 seconds
[2024-12-26T12:46:39.508+0000] {processor.py:154} INFO - Started process (PID=3945) to work on /opt/airflow/dags/subdags/subdag_transforms.py
[2024-12-26T12:46:39.510+0000] {processor.py:756} INFO - Processing file /opt/airflow/dags/subdags/subdag_transforms.py for tasks to queue
[2024-12-26T12:46:39.511+0000] {logging_mixin.py:120} INFO - [2024-12-26T12:46:39.511+0000] {dagbag.py:537} INFO - Filling up the DagBag from /opt/airflow/dags/subdags/subdag_transforms.py
[2024-12-26T12:46:39.534+0000] {processor.py:768} WARNING - No viable dags retrieved from /opt/airflow/dags/subdags/subdag_transforms.py
[2024-12-26T12:46:39.552+0000] {processor.py:176} INFO - Processing /opt/airflow/dags/subdags/subdag_transforms.py took 0.046 seconds
[2024-12-26T12:47:09.853+0000] {processor.py:154} INFO - Started process (PID=3980) to work on /opt/airflow/dags/subdags/subdag_transforms.py
[2024-12-26T12:47:09.854+0000] {processor.py:756} INFO - Processing file /opt/airflow/dags/subdags/subdag_transforms.py for tasks to queue
[2024-12-26T12:47:09.855+0000] {logging_mixin.py:120} INFO - [2024-12-26T12:47:09.855+0000] {dagbag.py:537} INFO - Filling up the DagBag from /opt/airflow/dags/subdags/subdag_transforms.py
[2024-12-26T12:47:09.875+0000] {processor.py:768} WARNING - No viable dags retrieved from /opt/airflow/dags/subdags/subdag_transforms.py
[2024-12-26T12:47:09.889+0000] {processor.py:176} INFO - Processing /opt/airflow/dags/subdags/subdag_transforms.py took 0.040 seconds
[2024-12-26T12:47:40.299+0000] {processor.py:154} INFO - Started process (PID=4015) to work on /opt/airflow/dags/subdags/subdag_transforms.py
[2024-12-26T12:47:40.301+0000] {processor.py:756} INFO - Processing file /opt/airflow/dags/subdags/subdag_transforms.py for tasks to queue
[2024-12-26T12:47:40.303+0000] {logging_mixin.py:120} INFO - [2024-12-26T12:47:40.303+0000] {dagbag.py:537} INFO - Filling up the DagBag from /opt/airflow/dags/subdags/subdag_transforms.py
[2024-12-26T12:47:40.328+0000] {processor.py:768} WARNING - No viable dags retrieved from /opt/airflow/dags/subdags/subdag_transforms.py
[2024-12-26T12:47:40.348+0000] {processor.py:176} INFO - Processing /opt/airflow/dags/subdags/subdag_transforms.py took 0.054 seconds
[2024-12-26T12:48:10.712+0000] {processor.py:154} INFO - Started process (PID=4042) to work on /opt/airflow/dags/subdags/subdag_transforms.py
[2024-12-26T12:48:10.713+0000] {processor.py:756} INFO - Processing file /opt/airflow/dags/subdags/subdag_transforms.py for tasks to queue
[2024-12-26T12:48:10.715+0000] {logging_mixin.py:120} INFO - [2024-12-26T12:48:10.715+0000] {dagbag.py:537} INFO - Filling up the DagBag from /opt/airflow/dags/subdags/subdag_transforms.py
[2024-12-26T12:48:10.737+0000] {processor.py:768} WARNING - No viable dags retrieved from /opt/airflow/dags/subdags/subdag_transforms.py
[2024-12-26T12:48:10.755+0000] {processor.py:176} INFO - Processing /opt/airflow/dags/subdags/subdag_transforms.py took 0.045 seconds
[2024-12-26T12:48:41.028+0000] {processor.py:154} INFO - Started process (PID=4077) to work on /opt/airflow/dags/subdags/subdag_transforms.py
[2024-12-26T12:48:41.029+0000] {processor.py:756} INFO - Processing file /opt/airflow/dags/subdags/subdag_transforms.py for tasks to queue
[2024-12-26T12:48:41.031+0000] {logging_mixin.py:120} INFO - [2024-12-26T12:48:41.030+0000] {dagbag.py:537} INFO - Filling up the DagBag from /opt/airflow/dags/subdags/subdag_transforms.py
[2024-12-26T12:48:41.052+0000] {processor.py:768} WARNING - No viable dags retrieved from /opt/airflow/dags/subdags/subdag_transforms.py
[2024-12-26T12:48:41.066+0000] {processor.py:176} INFO - Processing /opt/airflow/dags/subdags/subdag_transforms.py took 0.041 seconds
[2024-12-26T12:49:11.249+0000] {processor.py:154} INFO - Started process (PID=4112) to work on /opt/airflow/dags/subdags/subdag_transforms.py
[2024-12-26T12:49:11.250+0000] {processor.py:756} INFO - Processing file /opt/airflow/dags/subdags/subdag_transforms.py for tasks to queue
[2024-12-26T12:49:11.252+0000] {logging_mixin.py:120} INFO - [2024-12-26T12:49:11.251+0000] {dagbag.py:537} INFO - Filling up the DagBag from /opt/airflow/dags/subdags/subdag_transforms.py
[2024-12-26T12:49:11.284+0000] {processor.py:768} WARNING - No viable dags retrieved from /opt/airflow/dags/subdags/subdag_transforms.py
[2024-12-26T12:49:11.309+0000] {processor.py:176} INFO - Processing /opt/airflow/dags/subdags/subdag_transforms.py took 0.065 seconds
[2024-12-26T12:49:41.706+0000] {processor.py:154} INFO - Started process (PID=4138) to work on /opt/airflow/dags/subdags/subdag_transforms.py
[2024-12-26T12:49:41.707+0000] {processor.py:756} INFO - Processing file /opt/airflow/dags/subdags/subdag_transforms.py for tasks to queue
[2024-12-26T12:49:41.709+0000] {logging_mixin.py:120} INFO - [2024-12-26T12:49:41.708+0000] {dagbag.py:537} INFO - Filling up the DagBag from /opt/airflow/dags/subdags/subdag_transforms.py
[2024-12-26T12:49:41.744+0000] {processor.py:768} WARNING - No viable dags retrieved from /opt/airflow/dags/subdags/subdag_transforms.py
[2024-12-26T12:49:41.768+0000] {processor.py:176} INFO - Processing /opt/airflow/dags/subdags/subdag_transforms.py took 0.068 seconds
[2024-12-26T12:50:12.108+0000] {processor.py:154} INFO - Started process (PID=4173) to work on /opt/airflow/dags/subdags/subdag_transforms.py
[2024-12-26T12:50:12.109+0000] {processor.py:756} INFO - Processing file /opt/airflow/dags/subdags/subdag_transforms.py for tasks to queue
[2024-12-26T12:50:12.110+0000] {logging_mixin.py:120} INFO - [2024-12-26T12:50:12.110+0000] {dagbag.py:537} INFO - Filling up the DagBag from /opt/airflow/dags/subdags/subdag_transforms.py
[2024-12-26T12:50:12.127+0000] {processor.py:768} WARNING - No viable dags retrieved from /opt/airflow/dags/subdags/subdag_transforms.py
[2024-12-26T12:50:12.143+0000] {processor.py:176} INFO - Processing /opt/airflow/dags/subdags/subdag_transforms.py took 0.037 seconds
[2024-12-26T12:50:42.452+0000] {processor.py:154} INFO - Started process (PID=4199) to work on /opt/airflow/dags/subdags/subdag_transforms.py
[2024-12-26T12:50:42.453+0000] {processor.py:756} INFO - Processing file /opt/airflow/dags/subdags/subdag_transforms.py for tasks to queue
[2024-12-26T12:50:42.454+0000] {logging_mixin.py:120} INFO - [2024-12-26T12:50:42.454+0000] {dagbag.py:537} INFO - Filling up the DagBag from /opt/airflow/dags/subdags/subdag_transforms.py
[2024-12-26T12:50:42.472+0000] {processor.py:768} WARNING - No viable dags retrieved from /opt/airflow/dags/subdags/subdag_transforms.py
[2024-12-26T12:50:42.488+0000] {processor.py:176} INFO - Processing /opt/airflow/dags/subdags/subdag_transforms.py took 0.039 seconds
[2024-12-26T12:51:13.253+0000] {processor.py:154} INFO - Started process (PID=4234) to work on /opt/airflow/dags/subdags/subdag_transforms.py
[2024-12-26T12:51:13.255+0000] {processor.py:756} INFO - Processing file /opt/airflow/dags/subdags/subdag_transforms.py for tasks to queue
[2024-12-26T12:51:13.257+0000] {logging_mixin.py:120} INFO - [2024-12-26T12:51:13.256+0000] {dagbag.py:537} INFO - Filling up the DagBag from /opt/airflow/dags/subdags/subdag_transforms.py
[2024-12-26T12:51:13.278+0000] {processor.py:768} WARNING - No viable dags retrieved from /opt/airflow/dags/subdags/subdag_transforms.py
[2024-12-26T12:51:13.295+0000] {processor.py:176} INFO - Processing /opt/airflow/dags/subdags/subdag_transforms.py took 0.044 seconds
[2024-12-26T12:51:43.952+0000] {processor.py:154} INFO - Started process (PID=4269) to work on /opt/airflow/dags/subdags/subdag_transforms.py
[2024-12-26T12:51:43.954+0000] {processor.py:756} INFO - Processing file /opt/airflow/dags/subdags/subdag_transforms.py for tasks to queue
[2024-12-26T12:51:43.955+0000] {logging_mixin.py:120} INFO - [2024-12-26T12:51:43.954+0000] {dagbag.py:537} INFO - Filling up the DagBag from /opt/airflow/dags/subdags/subdag_transforms.py
[2024-12-26T12:51:44.009+0000] {processor.py:768} WARNING - No viable dags retrieved from /opt/airflow/dags/subdags/subdag_transforms.py
[2024-12-26T12:51:44.038+0000] {processor.py:176} INFO - Processing /opt/airflow/dags/subdags/subdag_transforms.py took 0.091 seconds
[2024-12-26T12:52:14.240+0000] {processor.py:154} INFO - Started process (PID=4295) to work on /opt/airflow/dags/subdags/subdag_transforms.py
[2024-12-26T12:52:14.241+0000] {processor.py:756} INFO - Processing file /opt/airflow/dags/subdags/subdag_transforms.py for tasks to queue
[2024-12-26T12:52:14.243+0000] {logging_mixin.py:120} INFO - [2024-12-26T12:52:14.242+0000] {dagbag.py:537} INFO - Filling up the DagBag from /opt/airflow/dags/subdags/subdag_transforms.py
[2024-12-26T12:52:14.271+0000] {processor.py:768} WARNING - No viable dags retrieved from /opt/airflow/dags/subdags/subdag_transforms.py
[2024-12-26T12:52:14.289+0000] {processor.py:176} INFO - Processing /opt/airflow/dags/subdags/subdag_transforms.py took 0.052 seconds
[2024-12-26T12:52:44.896+0000] {processor.py:154} INFO - Started process (PID=4330) to work on /opt/airflow/dags/subdags/subdag_transforms.py
[2024-12-26T12:52:44.897+0000] {processor.py:756} INFO - Processing file /opt/airflow/dags/subdags/subdag_transforms.py for tasks to queue
[2024-12-26T12:52:44.898+0000] {logging_mixin.py:120} INFO - [2024-12-26T12:52:44.898+0000] {dagbag.py:537} INFO - Filling up the DagBag from /opt/airflow/dags/subdags/subdag_transforms.py
[2024-12-26T12:52:44.928+0000] {processor.py:768} WARNING - No viable dags retrieved from /opt/airflow/dags/subdags/subdag_transforms.py
[2024-12-26T12:52:44.944+0000] {processor.py:176} INFO - Processing /opt/airflow/dags/subdags/subdag_transforms.py took 0.051 seconds
[2024-12-26T12:53:15.775+0000] {processor.py:154} INFO - Started process (PID=4363) to work on /opt/airflow/dags/subdags/subdag_transforms.py
[2024-12-26T12:53:15.776+0000] {processor.py:756} INFO - Processing file /opt/airflow/dags/subdags/subdag_transforms.py for tasks to queue
[2024-12-26T12:53:15.777+0000] {logging_mixin.py:120} INFO - [2024-12-26T12:53:15.777+0000] {dagbag.py:537} INFO - Filling up the DagBag from /opt/airflow/dags/subdags/subdag_transforms.py
[2024-12-26T12:53:15.803+0000] {processor.py:768} WARNING - No viable dags retrieved from /opt/airflow/dags/subdags/subdag_transforms.py
[2024-12-26T12:53:15.823+0000] {processor.py:176} INFO - Processing /opt/airflow/dags/subdags/subdag_transforms.py took 0.052 seconds
[2024-12-26T12:53:46.682+0000] {processor.py:154} INFO - Started process (PID=4391) to work on /opt/airflow/dags/subdags/subdag_transforms.py
[2024-12-26T12:53:46.683+0000] {processor.py:756} INFO - Processing file /opt/airflow/dags/subdags/subdag_transforms.py for tasks to queue
[2024-12-26T12:53:46.684+0000] {logging_mixin.py:120} INFO - [2024-12-26T12:53:46.684+0000] {dagbag.py:537} INFO - Filling up the DagBag from /opt/airflow/dags/subdags/subdag_transforms.py
[2024-12-26T12:53:46.713+0000] {processor.py:768} WARNING - No viable dags retrieved from /opt/airflow/dags/subdags/subdag_transforms.py
[2024-12-26T12:53:46.730+0000] {processor.py:176} INFO - Processing /opt/airflow/dags/subdags/subdag_transforms.py took 0.051 seconds
[2024-12-26T12:54:17.281+0000] {processor.py:154} INFO - Started process (PID=4426) to work on /opt/airflow/dags/subdags/subdag_transforms.py
[2024-12-26T12:54:17.282+0000] {processor.py:756} INFO - Processing file /opt/airflow/dags/subdags/subdag_transforms.py for tasks to queue
[2024-12-26T12:54:17.284+0000] {logging_mixin.py:120} INFO - [2024-12-26T12:54:17.283+0000] {dagbag.py:537} INFO - Filling up the DagBag from /opt/airflow/dags/subdags/subdag_transforms.py
[2024-12-26T12:54:17.313+0000] {processor.py:768} WARNING - No viable dags retrieved from /opt/airflow/dags/subdags/subdag_transforms.py
[2024-12-26T12:54:17.331+0000] {processor.py:176} INFO - Processing /opt/airflow/dags/subdags/subdag_transforms.py took 0.053 seconds
[2024-12-26T12:54:47.422+0000] {processor.py:154} INFO - Started process (PID=4452) to work on /opt/airflow/dags/subdags/subdag_transforms.py
[2024-12-26T12:54:47.423+0000] {processor.py:756} INFO - Processing file /opt/airflow/dags/subdags/subdag_transforms.py for tasks to queue
[2024-12-26T12:54:47.424+0000] {logging_mixin.py:120} INFO - [2024-12-26T12:54:47.424+0000] {dagbag.py:537} INFO - Filling up the DagBag from /opt/airflow/dags/subdags/subdag_transforms.py
[2024-12-26T12:54:47.450+0000] {processor.py:768} WARNING - No viable dags retrieved from /opt/airflow/dags/subdags/subdag_transforms.py
[2024-12-26T12:54:47.467+0000] {processor.py:176} INFO - Processing /opt/airflow/dags/subdags/subdag_transforms.py took 0.049 seconds
[2024-12-26T12:55:18.183+0000] {processor.py:154} INFO - Started process (PID=4487) to work on /opt/airflow/dags/subdags/subdag_transforms.py
[2024-12-26T12:55:18.184+0000] {processor.py:756} INFO - Processing file /opt/airflow/dags/subdags/subdag_transforms.py for tasks to queue
[2024-12-26T12:55:18.186+0000] {logging_mixin.py:120} INFO - [2024-12-26T12:55:18.185+0000] {dagbag.py:537} INFO - Filling up the DagBag from /opt/airflow/dags/subdags/subdag_transforms.py
[2024-12-26T12:55:18.206+0000] {processor.py:768} WARNING - No viable dags retrieved from /opt/airflow/dags/subdags/subdag_transforms.py
[2024-12-26T12:55:18.221+0000] {processor.py:176} INFO - Processing /opt/airflow/dags/subdags/subdag_transforms.py took 0.041 seconds
[2024-12-26T12:55:48.633+0000] {processor.py:154} INFO - Started process (PID=4522) to work on /opt/airflow/dags/subdags/subdag_transforms.py
[2024-12-26T12:55:48.634+0000] {processor.py:756} INFO - Processing file /opt/airflow/dags/subdags/subdag_transforms.py for tasks to queue
[2024-12-26T12:55:48.636+0000] {logging_mixin.py:120} INFO - [2024-12-26T12:55:48.635+0000] {dagbag.py:537} INFO - Filling up the DagBag from /opt/airflow/dags/subdags/subdag_transforms.py
[2024-12-26T12:55:48.669+0000] {processor.py:768} WARNING - No viable dags retrieved from /opt/airflow/dags/subdags/subdag_transforms.py
[2024-12-26T12:55:48.686+0000] {processor.py:176} INFO - Processing /opt/airflow/dags/subdags/subdag_transforms.py took 0.060 seconds
