[2024-12-25T11:53:52.030+0000] {taskinstance.py:1165} INFO - Dependencies all met for <TaskInstance: consumer.read_dataset dataset_triggered__2024-12-25T11:53:51.207511+00:00 [queued]>
[2024-12-25T11:53:52.045+0000] {taskinstance.py:1165} INFO - Dependencies all met for <TaskInstance: consumer.read_dataset dataset_triggered__2024-12-25T11:53:51.207511+00:00 [queued]>
[2024-12-25T11:53:52.046+0000] {taskinstance.py:1362} INFO - 
--------------------------------------------------------------------------------
[2024-12-25T11:53:52.048+0000] {taskinstance.py:1363} INFO - Starting attempt 1 of 1
[2024-12-25T11:53:52.048+0000] {taskinstance.py:1364} INFO - 
--------------------------------------------------------------------------------
[2024-12-25T11:53:52.085+0000] {taskinstance.py:1383} INFO - Executing <Task(_PythonDecoratedOperator): read_dataset> on 2024-12-25 11:53:51.207511+00:00
[2024-12-25T11:53:52.092+0000] {standard_task_runner.py:55} INFO - Started process 3252 to run task
[2024-12-25T11:53:52.096+0000] {standard_task_runner.py:82} INFO - Running: ['***', 'tasks', 'run', 'consumer', 'read_dataset', 'dataset_triggered__2024-12-25T11:53:51.207511+00:00', '--job-id', '28', '--raw', '--subdir', 'DAGS_FOLDER/consumer.py', '--cfg-path', '/tmp/tmpcbyq4j_4']
[2024-12-25T11:53:52.097+0000] {standard_task_runner.py:83} INFO - Job 28: Subtask read_dataset
[2024-12-25T11:53:52.178+0000] {task_command.py:376} INFO - Running <TaskInstance: consumer.read_dataset dataset_triggered__2024-12-25T11:53:51.207511+00:00 [running]> on host 5c385ae13281
[2024-12-25T11:53:52.273+0000] {taskinstance.py:1592} INFO - Exporting the following env vars:
AIRFLOW_CTX_DAG_OWNER=***
AIRFLOW_CTX_DAG_ID=consumer
AIRFLOW_CTX_TASK_ID=read_dataset
AIRFLOW_CTX_EXECUTION_DATE=2024-12-25T11:53:51.207511+00:00
AIRFLOW_CTX_TRY_NUMBER=1
AIRFLOW_CTX_DAG_RUN_ID=dataset_triggered__2024-12-25T11:53:51.207511+00:00
[2024-12-25T11:53:52.275+0000] {taskinstance.py:1851} ERROR - Task failed with exception
Traceback (most recent call last):
  File "/home/airflow/.local/lib/python3.7/site-packages/airflow/decorators/base.py", line 188, in execute
    return_value = super().execute(context)
  File "/home/airflow/.local/lib/python3.7/site-packages/airflow/operators/python.py", line 175, in execute
    return_value = self.execute_callable()
  File "/home/airflow/.local/lib/python3.7/site-packages/airflow/operators/python.py", line 193, in execute_callable
    return self.python_callable(*self.op_args, **self.op_kwargs)
  File "/opt/airflow/dags/consumer.py", line 17, in read_dataset
    with open(my_file.uri, 'r') as f:
FileNotFoundError: [Errno 2] No such file or directory: '/tmp/my_file.txt'
[2024-12-25T11:53:52.288+0000] {taskinstance.py:1406} INFO - Marking task as FAILED. dag_id=consumer, task_id=read_dataset, execution_date=20241225T115351, start_date=20241225T115352, end_date=20241225T115352
[2024-12-25T11:53:52.302+0000] {standard_task_runner.py:105} ERROR - Failed to execute job 28 for task read_dataset ([Errno 2] No such file or directory: '/tmp/my_file.txt'; 3252)
[2024-12-25T11:53:52.349+0000] {local_task_job.py:164} INFO - Task exited with return code 1
[2024-12-25T11:53:52.370+0000] {local_task_job.py:273} INFO - 0 downstream tasks scheduled from follow-on schedule check
