[2024-12-26T13:19:39.356+0000] {taskinstance.py:1165} INFO - Dependencies all met for <TaskInstance: xcom_dag.t3 manual__2024-12-26T13:19:36.252844+00:00 [queued]>
[2024-12-26T13:19:39.370+0000] {taskinstance.py:1165} INFO - Dependencies all met for <TaskInstance: xcom_dag.t3 manual__2024-12-26T13:19:36.252844+00:00 [queued]>
[2024-12-26T13:19:39.371+0000] {taskinstance.py:1362} INFO - 
--------------------------------------------------------------------------------
[2024-12-26T13:19:39.372+0000] {taskinstance.py:1363} INFO - Starting attempt 1 of 1
[2024-12-26T13:19:39.372+0000] {taskinstance.py:1364} INFO - 
--------------------------------------------------------------------------------
[2024-12-26T13:19:39.389+0000] {taskinstance.py:1383} INFO - Executing <Task(BashOperator): t3> on 2024-12-26 13:19:36.252844+00:00
[2024-12-26T13:19:39.394+0000] {standard_task_runner.py:55} INFO - Started process 889 to run task
[2024-12-26T13:19:39.397+0000] {standard_task_runner.py:82} INFO - Running: ['***', 'tasks', 'run', 'xcom_dag', 't3', 'manual__2024-12-26T13:19:36.252844+00:00', '--job-id', '59', '--raw', '--subdir', 'DAGS_FOLDER/xcom_dag.py', '--cfg-path', '/tmp/tmpt5nye7kv']
[2024-12-26T13:19:39.398+0000] {standard_task_runner.py:83} INFO - Job 59: Subtask t3
[2024-12-26T13:19:39.466+0000] {task_command.py:376} INFO - Running <TaskInstance: xcom_dag.t3 manual__2024-12-26T13:19:36.252844+00:00 [running]> on host caf53c1f5416
[2024-12-26T13:19:39.546+0000] {taskinstance.py:1592} INFO - Exporting the following env vars:
AIRFLOW_CTX_DAG_OWNER=***
AIRFLOW_CTX_DAG_ID=xcom_dag
AIRFLOW_CTX_TASK_ID=t3
AIRFLOW_CTX_EXECUTION_DATE=2024-12-26T13:19:36.252844+00:00
AIRFLOW_CTX_TRY_NUMBER=1
AIRFLOW_CTX_DAG_RUN_ID=manual__2024-12-26T13:19:36.252844+00:00
[2024-12-26T13:19:39.548+0000] {subprocess.py:63} INFO - Tmp dir root location: 
 /tmp
[2024-12-26T13:19:39.550+0000] {subprocess.py:75} INFO - Running command: ['/bin/bash', '-c', "echo ''"]
[2024-12-26T13:19:39.567+0000] {subprocess.py:86} INFO - Output:
[2024-12-26T13:19:39.573+0000] {subprocess.py:93} INFO - 
[2024-12-26T13:19:39.574+0000] {subprocess.py:97} INFO - Command exited with return code 0
[2024-12-26T13:19:39.606+0000] {taskinstance.py:1406} INFO - Marking task as SUCCESS. dag_id=xcom_dag, task_id=t3, execution_date=20241226T131936, start_date=20241226T131939, end_date=20241226T131939
[2024-12-26T13:19:39.651+0000] {local_task_job.py:164} INFO - Task exited with return code 0
[2024-12-26T13:19:39.673+0000] {local_task_job.py:273} INFO - 0 downstream tasks scheduled from follow-on schedule check
