[2024-12-25T10:46:28.163+0000] {taskinstance.py:1165} INFO - Dependencies all met for <TaskInstance: user_processing.store_user scheduled__2024-12-24T00:00:00+00:00 [queued]>
[2024-12-25T10:46:28.182+0000] {taskinstance.py:1165} INFO - Dependencies all met for <TaskInstance: user_processing.store_user scheduled__2024-12-24T00:00:00+00:00 [queued]>
[2024-12-25T10:46:28.182+0000] {taskinstance.py:1362} INFO - 
--------------------------------------------------------------------------------
[2024-12-25T10:46:28.183+0000] {taskinstance.py:1363} INFO - Starting attempt 1 of 1
[2024-12-25T10:46:28.184+0000] {taskinstance.py:1364} INFO - 
--------------------------------------------------------------------------------
[2024-12-25T10:46:28.204+0000] {taskinstance.py:1383} INFO - Executing <Task(PythonOperator): store_user> on 2024-12-24 00:00:00+00:00
[2024-12-25T10:46:28.214+0000] {standard_task_runner.py:55} INFO - Started process 92 to run task
[2024-12-25T10:46:28.218+0000] {standard_task_runner.py:82} INFO - Running: ['***', 'tasks', 'run', 'user_processing', 'store_user', 'scheduled__2024-12-24T00:00:00+00:00', '--job-id', '23', '--raw', '--subdir', 'DAGS_FOLDER/user_processing.py', '--cfg-path', '/tmp/tmpxjok6qzj']
[2024-12-25T10:46:28.220+0000] {standard_task_runner.py:83} INFO - Job 23: Subtask store_user
[2024-12-25T10:46:28.338+0000] {task_command.py:376} INFO - Running <TaskInstance: user_processing.store_user scheduled__2024-12-24T00:00:00+00:00 [running]> on host 5c385ae13281
[2024-12-25T10:46:28.449+0000] {taskinstance.py:1592} INFO - Exporting the following env vars:
AIRFLOW_CTX_DAG_OWNER=***
AIRFLOW_CTX_DAG_ID=user_processing
AIRFLOW_CTX_TASK_ID=store_user
AIRFLOW_CTX_EXECUTION_DATE=2024-12-24T00:00:00+00:00
AIRFLOW_CTX_TRY_NUMBER=1
AIRFLOW_CTX_DAG_RUN_ID=scheduled__2024-12-24T00:00:00+00:00
[2024-12-25T10:46:28.451+0000] {postgres.py:129} INFO - Running copy expert: COPY users FROM stdin WITH DELIMITER as ',', filename: /tmp/processed_user.csv
[2024-12-25T10:46:28.466+0000] {base.py:71} INFO - Using connection ID 'postgres' for task execution.
[2024-12-25T10:46:28.476+0000] {python.py:177} INFO - Done. Returned value was: None
[2024-12-25T10:46:28.490+0000] {taskinstance.py:1406} INFO - Marking task as SUCCESS. dag_id=user_processing, task_id=store_user, execution_date=20241224T000000, start_date=20241225T104628, end_date=20241225T104628
[2024-12-25T10:46:28.551+0000] {local_task_job.py:164} INFO - Task exited with return code 0
[2024-12-25T10:46:28.598+0000] {local_task_job.py:273} INFO - 0 downstream tasks scheduled from follow-on schedule check
