[2024-12-26T13:34:37.102+0000] {taskinstance.py:1165} INFO - Dependencies all met for <TaskInstance: xcom_dag.branch manual__2024-12-26T13:34:34.777347+00:00 [queued]>
[2024-12-26T13:34:37.116+0000] {taskinstance.py:1165} INFO - Dependencies all met for <TaskInstance: xcom_dag.branch manual__2024-12-26T13:34:34.777347+00:00 [queued]>
[2024-12-26T13:34:37.117+0000] {taskinstance.py:1362} INFO - 
--------------------------------------------------------------------------------
[2024-12-26T13:34:37.117+0000] {taskinstance.py:1363} INFO - Starting attempt 1 of 1
[2024-12-26T13:34:37.118+0000] {taskinstance.py:1364} INFO - 
--------------------------------------------------------------------------------
[2024-12-26T13:34:37.138+0000] {taskinstance.py:1383} INFO - Executing <Task(BranchPythonOperator): branch> on 2024-12-26 13:34:34.777347+00:00
[2024-12-26T13:34:37.144+0000] {standard_task_runner.py:55} INFO - Started process 1589 to run task
[2024-12-26T13:34:37.148+0000] {standard_task_runner.py:82} INFO - Running: ['***', 'tasks', 'run', 'xcom_dag', 'branch', 'manual__2024-12-26T13:34:34.777347+00:00', '--job-id', '61', '--raw', '--subdir', 'DAGS_FOLDER/xcom_dag.py', '--cfg-path', '/tmp/tmpvzwq1ydp']
[2024-12-26T13:34:37.149+0000] {standard_task_runner.py:83} INFO - Job 61: Subtask branch
[2024-12-26T13:34:37.226+0000] {task_command.py:376} INFO - Running <TaskInstance: xcom_dag.branch manual__2024-12-26T13:34:34.777347+00:00 [running]> on host caf53c1f5416
[2024-12-26T13:34:37.317+0000] {taskinstance.py:1592} INFO - Exporting the following env vars:
AIRFLOW_CTX_DAG_OWNER=***
AIRFLOW_CTX_DAG_ID=xcom_dag
AIRFLOW_CTX_TASK_ID=branch
AIRFLOW_CTX_EXECUTION_DATE=2024-12-26T13:34:34.777347+00:00
AIRFLOW_CTX_TRY_NUMBER=1
AIRFLOW_CTX_DAG_RUN_ID=manual__2024-12-26T13:34:34.777347+00:00
[2024-12-26T13:34:37.332+0000] {python.py:177} INFO - Done. Returned value was: t2
[2024-12-26T13:34:37.333+0000] {skipmixin.py:155} INFO - Following branch t2
[2024-12-26T13:34:37.334+0000] {skipmixin.py:190} INFO - Skipping tasks ['t3']
[2024-12-26T13:34:37.390+0000] {taskinstance.py:1406} INFO - Marking task as SUCCESS. dag_id=xcom_dag, task_id=branch, execution_date=20241226T133434, start_date=20241226T133437, end_date=20241226T133437
[2024-12-26T13:34:37.440+0000] {local_task_job.py:164} INFO - Task exited with return code 0
[2024-12-26T13:34:37.490+0000] {local_task_job.py:273} INFO - 1 downstream tasks scheduled from follow-on schedule check
