[2024-12-23T12:43:33.082+0000] {taskinstance.py:1165} INFO - Dependencies all met for <TaskInstance: example_bash_operator.also_run_this scheduled__2024-12-22T00:00:00+00:00 [queued]>
[2024-12-23T12:43:33.122+0000] {taskinstance.py:1165} INFO - Dependencies all met for <TaskInstance: example_bash_operator.also_run_this scheduled__2024-12-22T00:00:00+00:00 [queued]>
[2024-12-23T12:43:33.123+0000] {taskinstance.py:1362} INFO - 
--------------------------------------------------------------------------------
[2024-12-23T12:43:33.124+0000] {taskinstance.py:1363} INFO - Starting attempt 1 of 1
[2024-12-23T12:43:33.125+0000] {taskinstance.py:1364} INFO - 
--------------------------------------------------------------------------------
[2024-12-23T12:43:33.169+0000] {taskinstance.py:1383} INFO - Executing <Task(BashOperator): also_run_this> on 2024-12-22 00:00:00+00:00
[2024-12-23T12:43:33.183+0000] {standard_task_runner.py:55} INFO - Started process 3175 to run task
[2024-12-23T12:43:33.204+0000] {standard_task_runner.py:82} INFO - Running: ['***', 'tasks', 'run', 'example_bash_operator', 'also_run_this', 'scheduled__2024-12-22T00:00:00+00:00', '--job-id', '7', '--raw', '--subdir', '/home/***/.local/lib/python3.7/site-packages/***/example_dags/example_bash_operator.py', '--cfg-path', '/tmp/tmpe4_8tcxm']
[2024-12-23T12:43:33.205+0000] {standard_task_runner.py:83} INFO - Job 7: Subtask also_run_this
[2024-12-23T12:43:33.494+0000] {task_command.py:376} INFO - Running <TaskInstance: example_bash_operator.also_run_this scheduled__2024-12-22T00:00:00+00:00 [running]> on host 5c385ae13281
[2024-12-23T12:43:33.620+0000] {taskinstance.py:1592} INFO - Exporting the following env vars:
AIRFLOW_CTX_DAG_OWNER=***
AIRFLOW_CTX_DAG_ID=example_bash_operator
AIRFLOW_CTX_TASK_ID=also_run_this
AIRFLOW_CTX_EXECUTION_DATE=2024-12-22T00:00:00+00:00
AIRFLOW_CTX_TRY_NUMBER=1
AIRFLOW_CTX_DAG_RUN_ID=scheduled__2024-12-22T00:00:00+00:00
[2024-12-23T12:43:33.622+0000] {subprocess.py:63} INFO - Tmp dir root location: 
 /tmp
[2024-12-23T12:43:33.623+0000] {subprocess.py:75} INFO - Running command: ['/bin/bash', '-c', 'echo "ti_key=example_bash_operator__also_run_this__20241222"']
[2024-12-23T12:43:33.639+0000] {subprocess.py:86} INFO - Output:
[2024-12-23T12:43:33.641+0000] {subprocess.py:93} INFO - ti_key=example_bash_operator__also_run_this__20241222
[2024-12-23T12:43:33.641+0000] {subprocess.py:97} INFO - Command exited with return code 0
[2024-12-23T12:43:33.672+0000] {taskinstance.py:1406} INFO - Marking task as SUCCESS. dag_id=example_bash_operator, task_id=also_run_this, execution_date=20241222T000000, start_date=20241223T124333, end_date=20241223T124333
[2024-12-23T12:43:33.701+0000] {local_task_job.py:164} INFO - Task exited with return code 0
[2024-12-23T12:43:33.727+0000] {local_task_job.py:273} INFO - 0 downstream tasks scheduled from follow-on schedule check
