[2024-12-25T16:20:08.012+0000] {taskinstance.py:1165} INFO - Dependencies all met for <TaskInstance: parallel_dag.transform manual__2024-12-25T16:19:44.555950+00:00 [queued]>
[2024-12-25T16:20:08.025+0000] {taskinstance.py:1165} INFO - Dependencies all met for <TaskInstance: parallel_dag.transform manual__2024-12-25T16:19:44.555950+00:00 [queued]>
[2024-12-25T16:20:08.026+0000] {taskinstance.py:1362} INFO - 
--------------------------------------------------------------------------------
[2024-12-25T16:20:08.027+0000] {taskinstance.py:1363} INFO - Starting attempt 1 of 1
[2024-12-25T16:20:08.027+0000] {taskinstance.py:1364} INFO - 
--------------------------------------------------------------------------------
[2024-12-25T16:20:08.043+0000] {taskinstance.py:1383} INFO - Executing <Task(BashOperator): transform> on 2024-12-25 16:19:44.555950+00:00
[2024-12-25T16:20:08.049+0000] {standard_task_runner.py:55} INFO - Started process 422 to run task
[2024-12-25T16:20:08.053+0000] {standard_task_runner.py:82} INFO - Running: ['***', 'tasks', 'run', 'parallel_dag', 'transform', 'manual__2024-12-25T16:19:44.555950+00:00', '--job-id', '47', '--raw', '--subdir', 'DAGS_FOLDER/parallel.dag.py', '--cfg-path', '/tmp/tmprhkdmyln']
[2024-12-25T16:20:08.053+0000] {standard_task_runner.py:83} INFO - Job 47: Subtask transform
[2024-12-25T16:20:08.125+0000] {task_command.py:376} INFO - Running <TaskInstance: parallel_dag.transform manual__2024-12-25T16:19:44.555950+00:00 [running]> on host 93466393148a
[2024-12-25T16:20:08.208+0000] {taskinstance.py:1592} INFO - Exporting the following env vars:
AIRFLOW_CTX_DAG_OWNER=***
AIRFLOW_CTX_DAG_ID=parallel_dag
AIRFLOW_CTX_TASK_ID=transform
AIRFLOW_CTX_EXECUTION_DATE=2024-12-25T16:19:44.555950+00:00
AIRFLOW_CTX_TRY_NUMBER=1
AIRFLOW_CTX_DAG_RUN_ID=manual__2024-12-25T16:19:44.555950+00:00
[2024-12-25T16:20:08.211+0000] {subprocess.py:63} INFO - Tmp dir root location: 
 /tmp
[2024-12-25T16:20:08.213+0000] {subprocess.py:75} INFO - Running command: ['/bin/bash', '-c', 'sleep 30']
[2024-12-25T16:20:08.228+0000] {subprocess.py:86} INFO - Output:
[2024-12-25T16:20:38.230+0000] {subprocess.py:97} INFO - Command exited with return code 0
[2024-12-25T16:20:38.270+0000] {taskinstance.py:1406} INFO - Marking task as SUCCESS. dag_id=parallel_dag, task_id=transform, execution_date=20241225T161944, start_date=20241225T162008, end_date=20241225T162038
[2024-12-25T16:20:38.296+0000] {local_task_job.py:164} INFO - Task exited with return code 0
[2024-12-25T16:20:38.320+0000] {local_task_job.py:273} INFO - 0 downstream tasks scheduled from follow-on schedule check
