[2024-12-26T13:19:37.323+0000] {taskinstance.py:1165} INFO - Dependencies all met for <TaskInstance: xcom_dag.t1 manual__2024-12-26T13:19:36.252844+00:00 [queued]>
[2024-12-26T13:19:37.337+0000] {taskinstance.py:1165} INFO - Dependencies all met for <TaskInstance: xcom_dag.t1 manual__2024-12-26T13:19:36.252844+00:00 [queued]>
[2024-12-26T13:19:37.338+0000] {taskinstance.py:1362} INFO - 
--------------------------------------------------------------------------------
[2024-12-26T13:19:37.339+0000] {taskinstance.py:1363} INFO - Starting attempt 1 of 1
[2024-12-26T13:19:37.339+0000] {taskinstance.py:1364} INFO - 
--------------------------------------------------------------------------------
[2024-12-26T13:19:37.359+0000] {taskinstance.py:1383} INFO - Executing <Task(PythonOperator): t1> on 2024-12-26 13:19:36.252844+00:00
[2024-12-26T13:19:37.365+0000] {standard_task_runner.py:55} INFO - Started process 885 to run task
[2024-12-26T13:19:37.369+0000] {standard_task_runner.py:82} INFO - Running: ['***', 'tasks', 'run', 'xcom_dag', 't1', 'manual__2024-12-26T13:19:36.252844+00:00', '--job-id', '57', '--raw', '--subdir', 'DAGS_FOLDER/xcom_dag.py', '--cfg-path', '/tmp/tmpom4jf6sz']
[2024-12-26T13:19:37.369+0000] {standard_task_runner.py:83} INFO - Job 57: Subtask t1
[2024-12-26T13:19:37.455+0000] {task_command.py:376} INFO - Running <TaskInstance: xcom_dag.t1 manual__2024-12-26T13:19:36.252844+00:00 [running]> on host caf53c1f5416
[2024-12-26T13:19:37.549+0000] {taskinstance.py:1592} INFO - Exporting the following env vars:
AIRFLOW_CTX_DAG_OWNER=***
AIRFLOW_CTX_DAG_ID=xcom_dag
AIRFLOW_CTX_TASK_ID=t1
AIRFLOW_CTX_EXECUTION_DATE=2024-12-26T13:19:36.252844+00:00
AIRFLOW_CTX_TRY_NUMBER=1
AIRFLOW_CTX_DAG_RUN_ID=manual__2024-12-26T13:19:36.252844+00:00
[2024-12-26T13:19:37.570+0000] {python.py:177} INFO - Done. Returned value was: None
[2024-12-26T13:19:37.584+0000] {taskinstance.py:1406} INFO - Marking task as SUCCESS. dag_id=xcom_dag, task_id=t1, execution_date=20241226T131936, start_date=20241226T131937, end_date=20241226T131937
[2024-12-26T13:19:37.622+0000] {local_task_job.py:164} INFO - Task exited with return code 0
[2024-12-26T13:19:37.658+0000] {local_task_job.py:273} INFO - 1 downstream tasks scheduled from follow-on schedule check
