[2024-12-25T16:19:56.942+0000] {taskinstance.py:1165} INFO - Dependencies all met for <TaskInstance: parallel_dag.load_a manual__2024-12-25T16:19:44.555950+00:00 [queued]>
[2024-12-25T16:19:56.958+0000] {taskinstance.py:1165} INFO - Dependencies all met for <TaskInstance: parallel_dag.load_a manual__2024-12-25T16:19:44.555950+00:00 [queued]>
[2024-12-25T16:19:56.959+0000] {taskinstance.py:1362} INFO - 
--------------------------------------------------------------------------------
[2024-12-25T16:19:56.960+0000] {taskinstance.py:1363} INFO - Starting attempt 1 of 1
[2024-12-25T16:19:56.961+0000] {taskinstance.py:1364} INFO - 
--------------------------------------------------------------------------------
[2024-12-25T16:19:56.981+0000] {taskinstance.py:1383} INFO - Executing <Task(BashOperator): load_a> on 2024-12-25 16:19:44.555950+00:00
[2024-12-25T16:19:56.987+0000] {standard_task_runner.py:55} INFO - Started process 436 to run task
[2024-12-25T16:19:56.993+0000] {standard_task_runner.py:82} INFO - Running: ['***', 'tasks', 'run', 'parallel_dag', 'load_a', 'manual__2024-12-25T16:19:44.555950+00:00', '--job-id', '45', '--raw', '--subdir', 'DAGS_FOLDER/parallel.dag.py', '--cfg-path', '/tmp/tmpiilurx_i']
[2024-12-25T16:19:56.994+0000] {standard_task_runner.py:83} INFO - Job 45: Subtask load_a
[2024-12-25T16:19:57.067+0000] {task_command.py:376} INFO - Running <TaskInstance: parallel_dag.load_a manual__2024-12-25T16:19:44.555950+00:00 [running]> on host caf53c1f5416
[2024-12-25T16:19:57.158+0000] {taskinstance.py:1592} INFO - Exporting the following env vars:
AIRFLOW_CTX_DAG_OWNER=***
AIRFLOW_CTX_DAG_ID=parallel_dag
AIRFLOW_CTX_TASK_ID=load_a
AIRFLOW_CTX_EXECUTION_DATE=2024-12-25T16:19:44.555950+00:00
AIRFLOW_CTX_TRY_NUMBER=1
AIRFLOW_CTX_DAG_RUN_ID=manual__2024-12-25T16:19:44.555950+00:00
[2024-12-25T16:19:57.160+0000] {subprocess.py:63} INFO - Tmp dir root location: 
 /tmp
[2024-12-25T16:19:57.161+0000] {subprocess.py:75} INFO - Running command: ['/bin/bash', '-c', 'sleep 10']
[2024-12-25T16:19:57.176+0000] {subprocess.py:86} INFO - Output:
[2024-12-25T16:20:07.180+0000] {subprocess.py:97} INFO - Command exited with return code 0
[2024-12-25T16:20:07.213+0000] {taskinstance.py:1406} INFO - Marking task as SUCCESS. dag_id=parallel_dag, task_id=load_a, execution_date=20241225T161944, start_date=20241225T161956, end_date=20241225T162007
[2024-12-25T16:20:07.278+0000] {local_task_job.py:164} INFO - Task exited with return code 0
[2024-12-25T16:20:07.301+0000] {local_task_job.py:273} INFO - 0 downstream tasks scheduled from follow-on schedule check
