[2024-12-25T16:18:08.576+0000] {taskinstance.py:1165} INFO - Dependencies all met for <TaskInstance: parallel_dag.load_b scheduled__2024-12-24T00:00:00+00:00 [queued]>
[2024-12-25T16:18:08.588+0000] {taskinstance.py:1165} INFO - Dependencies all met for <TaskInstance: parallel_dag.load_b scheduled__2024-12-24T00:00:00+00:00 [queued]>
[2024-12-25T16:18:08.589+0000] {taskinstance.py:1362} INFO - 
--------------------------------------------------------------------------------
[2024-12-25T16:18:08.589+0000] {taskinstance.py:1363} INFO - Starting attempt 1 of 1
[2024-12-25T16:18:08.590+0000] {taskinstance.py:1364} INFO - 
--------------------------------------------------------------------------------
[2024-12-25T16:18:08.608+0000] {taskinstance.py:1383} INFO - Executing <Task(BashOperator): load_b> on 2024-12-24 00:00:00+00:00
[2024-12-25T16:18:08.615+0000] {standard_task_runner.py:55} INFO - Started process 340 to run task
[2024-12-25T16:18:08.619+0000] {standard_task_runner.py:82} INFO - Running: ['***', 'tasks', 'run', 'parallel_dag', 'load_b', 'scheduled__2024-12-24T00:00:00+00:00', '--job-id', '40', '--raw', '--subdir', 'DAGS_FOLDER/parallel.dag.py', '--cfg-path', '/tmp/tmp6d535r7a']
[2024-12-25T16:18:08.620+0000] {standard_task_runner.py:83} INFO - Job 40: Subtask load_b
[2024-12-25T16:18:08.690+0000] {task_command.py:376} INFO - Running <TaskInstance: parallel_dag.load_b scheduled__2024-12-24T00:00:00+00:00 [running]> on host caf53c1f5416
[2024-12-25T16:18:08.772+0000] {taskinstance.py:1592} INFO - Exporting the following env vars:
AIRFLOW_CTX_DAG_OWNER=***
AIRFLOW_CTX_DAG_ID=parallel_dag
AIRFLOW_CTX_TASK_ID=load_b
AIRFLOW_CTX_EXECUTION_DATE=2024-12-24T00:00:00+00:00
AIRFLOW_CTX_TRY_NUMBER=1
AIRFLOW_CTX_DAG_RUN_ID=scheduled__2024-12-24T00:00:00+00:00
[2024-12-25T16:18:08.773+0000] {subprocess.py:63} INFO - Tmp dir root location: 
 /tmp
[2024-12-25T16:18:08.775+0000] {subprocess.py:75} INFO - Running command: ['/bin/bash', '-c', 'sleep 10']
[2024-12-25T16:18:08.791+0000] {subprocess.py:86} INFO - Output:
[2024-12-25T16:18:18.797+0000] {subprocess.py:97} INFO - Command exited with return code 0
[2024-12-25T16:18:18.829+0000] {taskinstance.py:1406} INFO - Marking task as SUCCESS. dag_id=parallel_dag, task_id=load_b, execution_date=20241224T000000, start_date=20241225T161808, end_date=20241225T161818
[2024-12-25T16:18:18.892+0000] {local_task_job.py:164} INFO - Task exited with return code 0
[2024-12-25T16:18:18.912+0000] {local_task_job.py:273} INFO - 0 downstream tasks scheduled from follow-on schedule check
